Using pre-set license
Built from '2020.2/release' branch; Version is '2020.2.1f1 (270dd8c3da1c) revision 2559448'; Using compiler version '192528614'; Build Type 'Release'
OS: 'Windows 10  (10.0.0) 64bit' Language: 'ru' Physical Memory: 8140 MB
BatchMode: 1, IsHumanControllingUs: 0, StartBugReporterOnCrash: 0, Is64bit: 1, IsPro: 0

 COMMAND LINE ARGUMENTS:
E:\UnityVersions\2020.2.1f1\Editor\Unity.exe
-adb2
-batchMode
-noUpm
-name
AssetImportWorker0
-projectPath
E:/Unity/WordIsland
-logFile
Logs/AssetImportWorker0.log
-srvPort
50523
Successfully changed project path to: E:/Unity/WordIsland
E:/Unity/WordIsland
Using Asset Import Pipeline V2.
Refreshing native plugins compatible for Editor in 84.26 ms, found 0 plugins.
Preloading 0 native plugins for Editor in 0.00 ms.
Initialize engine version: 2020.2.1f1 (270dd8c3da1c)
[Subsystems] Discovering subsystems at path E:/UnityVersions/2020.2.1f1/Editor/Data/Resources/UnitySubsystems
[Subsystems] Discovering subsystems at path E:/Unity/WordIsland/Assets
GfxDevice: creating device client; threaded=0
Direct3D:
    Version:  Direct3D 11.0 [level 11.0]
    Renderer: NVIDIA GeForce GTX 760 (ID=0x1187)
    Vendor:   
    VRAM:     2007 MB
    Driver:   27.21.14.5671
Initialize mono
Mono path[0] = 'E:/UnityVersions/2020.2.1f1/Editor/Data/Managed'
Mono path[1] = 'E:/UnityVersions/2020.2.1f1/Editor/Data/MonoBleedingEdge/lib/mono/unityjit'
Mono config path = 'E:/UnityVersions/2020.2.1f1/Editor/Data/MonoBleedingEdge/etc'
Using monoOptions --debugger-agent=transport=dt_socket,embedding=1,server=y,suspend=n,address=127.0.0.1:56976
Begin MonoManager ReloadAssembly
Registering precompiled unity dll's ...
Register platform support module: E:/UnityVersions/2020.2.1f1/Editor/Data/PlaybackEngines/WindowsStandaloneSupport/UnityEditor.WindowsStandalone.Extensions.dll
Registered in 0.001365 seconds.
Native extension for WindowsStandalone target not found
Refreshing native plugins compatible for Editor in 58.80 ms, found 0 plugins.
Preloading 0 native plugins for Editor in 0.00 ms.
Invoked RoslynAnalysisRunner static constructor.
RoslynAnalysisRunner will not be running.
RoslynAnalysisRunner has terminated.
Mono: successfully reloaded assembly
- Completed reload, in  1.227 seconds
Platform modules already initialized, skipping
Registering precompiled user dll's ...
Registered in 0.000951 seconds.
Begin MonoManager ReloadAssembly
Native extension for WindowsStandalone target not found
Refreshing native plugins compatible for Editor in 0.49 ms, found 0 plugins.
Preloading 0 native plugins for Editor in 0.00 ms.
Invoked RoslynAnalysisRunner static constructor.
RoslynAnalysisRunner will not be running.
RoslynAnalysisRunner has terminated.
Mono: successfully reloaded assembly
- Completed reload, in  1.128 seconds
Platform modules already initialized, skipping
========================================================================
Worker process is ready to serve import requests
Launched and connected shader compiler UnityShaderCompiler.exe after 0.06 seconds
Refreshing native plugins compatible for Editor in 0.76 ms, found 0 plugins.
Preloading 0 native plugins for Editor in 0.00 ms.
Unloading 1250 Unused Serialized files (Serialized files now loaded: 0)
System memory in use before: 79.4 MB.
System memory in use after: 79.2 MB.

Unloading 10 unused Assets to reduce memory usage. Loaded Objects now: 1715.
Total: 3.042100 ms (FindLiveObjects: 0.310400 ms CreateObjectMapping: 0.367500 ms MarkObjects: 2.009800 ms  DeleteObjects: 0.352500 ms)

========================================================================
Received Import Request.
  path: Assets/Prefabs/Minion.prefab
  artifactKey: Guid(9120e22f22e338249a5c81d1fbe81de3) Importer(815301076,1909f56bfc062723c751e8b465ee728b)
Start importing Assets/Prefabs/Minion.prefab using Guid(9120e22f22e338249a5c81d1fbe81de3) Importer(815301076,1909f56bfc062723c751e8b465ee728b)  -> (artifact id: '1eb73c995409724eb3fe067fbc0da7c4') in 0.619414 seconds
  Import took 0.624485 seconds .

========================================================================
Received Import Request.
  Time since last request: 0.003463 seconds.
  path: Assets/Prefabs/LetterBlock.prefab
  artifactKey: Guid(b85c2649942cfcc48a8dcf97304746b8) Importer(815301076,1909f56bfc062723c751e8b465ee728b)
Start importing Assets/Prefabs/LetterBlock.prefab using Guid(b85c2649942cfcc48a8dcf97304746b8) Importer(815301076,1909f56bfc062723c751e8b465ee728b)  -> (artifact id: 'dbea58ad647437e39de3ee2cd411bc0f') in 0.072030 seconds
  Import took 0.077744 seconds .

========================================================================
Received Import Request.
  Time since last request: 0.000277 seconds.
  path: Assets/Prefabs/InterfaceLetter.prefab
  artifactKey: Guid(66ad86832d19cf7408caf6fd0db37c9d) Importer(815301076,1909f56bfc062723c751e8b465ee728b)
Start importing Assets/Prefabs/InterfaceLetter.prefab using Guid(66ad86832d19cf7408caf6fd0db37c9d) Importer(815301076,1909f56bfc062723c751e8b465ee728b)  -> (artifact id: '14a7ad8c025456df28213825f4f2906c') in 0.072089 seconds
  Import took 0.076932 seconds .

========================================================================
Received Import Request.
  Time since last request: 0.000257 seconds.
  path: Assets/Prefabs/Slot.prefab
  artifactKey: Guid(d43600a3250a78141acc182548eee00b) Importer(815301076,1909f56bfc062723c751e8b465ee728b)
Start importing Assets/Prefabs/Slot.prefab using Guid(d43600a3250a78141acc182548eee00b) Importer(815301076,1909f56bfc062723c751e8b465ee728b)  -> (artifact id: 'd074c33878493214086c94b31682d2ab') in 0.015884 seconds
  Import took 0.021644 seconds .

========================================================================
Received Import Request.
  Time since last request: 93.795609 seconds.
  path: Assets/Prefabs/LetterBlock.prefab
  artifactKey: Guid(b85c2649942cfcc48a8dcf97304746b8) Importer(815301076,1909f56bfc062723c751e8b465ee728b)
Start importing Assets/Prefabs/LetterBlock.prefab using Guid(b85c2649942cfcc48a8dcf97304746b8) Importer(815301076,1909f56bfc062723c751e8b465ee728b)  -> (artifact id: '4896d9c0b5245756a83f74368dfa0ebd') in 0.046903 seconds
  Import took 0.052706 seconds .

========================================================================
Received Import Request.
  Time since last request: 8.305868 seconds.
  path: Assets/Prefabs/InterfaceLetter.prefab
  artifactKey: Guid(66ad86832d19cf7408caf6fd0db37c9d) Importer(815301076,1909f56bfc062723c751e8b465ee728b)
Start importing Assets/Prefabs/InterfaceLetter.prefab using Guid(66ad86832d19cf7408caf6fd0db37c9d) Importer(815301076,1909f56bfc062723c751e8b465ee728b)  -> (artifact id: 'e98284a26cdcf3ab6f09095bad63baf5') in 0.043861 seconds
  Import took 0.049711 seconds .

========================================================================
Received Prepare
Registering precompiled user dll's ...
Registered in 0.001218 seconds.
Begin MonoManager ReloadAssembly
Native extension for WindowsStandalone target not found
Refreshing native plugins compatible for Editor in 0.48 ms, found 0 plugins.
Preloading 0 native plugins for Editor in 0.00 ms.
Invoked RoslynAnalysisRunner static constructor.
RoslynAnalysisRunner will not be running.
RoslynAnalysisRunner has terminated.
Mono: successfully reloaded assembly
- Completed reload, in  1.047 seconds
Platform modules already initialized, skipping
Refreshing native plugins compatible for Editor in 0.64 ms, found 0 plugins.
Preloading 0 native plugins for Editor in 0.00 ms.
Unloading 1207 Unused Serialized files (Serialized files now loaded: 0)
System memory in use before: 91.1 MB.
System memory in use after: 90.9 MB.

Unloading 7 unused Assets to reduce memory usage. Loaded Objects now: 1726.
Total: 2.741700 ms (FindLiveObjects: 0.237500 ms CreateObjectMapping: 0.129400 ms MarkObjects: 2.033300 ms  DeleteObjects: 0.339400 ms)

========================================================================
Received Import Request.
  Time since last request: 343.669653 seconds.
  path: Assets/Prefabs/InterfaceLetter.prefab
  artifactKey: Guid(66ad86832d19cf7408caf6fd0db37c9d) Importer(815301076,1909f56bfc062723c751e8b465ee728b)
Start importing Assets/Prefabs/InterfaceLetter.prefab using Guid(66ad86832d19cf7408caf6fd0db37c9d) Importer(815301076,1909f56bfc062723c751e8b465ee728b)  -> (artifact id: 'a4d31ca39a5f5990cf50cafe6dd2d4c7') in 0.156320 seconds
  Import took 0.162637 seconds .

========================================================================
Received Prepare
Registering precompiled user dll's ...
Registered in 0.000960 seconds.
Begin MonoManager ReloadAssembly
Native extension for WindowsStandalone target not found
Refreshing native plugins compatible for Editor in 0.47 ms, found 0 plugins.
Preloading 0 native plugins for Editor in 0.00 ms.
Invoked RoslynAnalysisRunner static constructor.
RoslynAnalysisRunner will not be running.
RoslynAnalysisRunner has terminated.
Mono: successfully reloaded assembly
- Completed reload, in  1.158 seconds
Platform modules already initialized, skipping
Refreshing native plugins compatible for Editor in 1.09 ms, found 0 plugins.
Preloading 0 native plugins for Editor in 0.00 ms.
Unloading 1207 Unused Serialized files (Serialized files now loaded: 0)
System memory in use before: 92.1 MB.
System memory in use after: 91.9 MB.

Unloading 6 unused Assets to reduce memory usage. Loaded Objects now: 1728.
Total: 3.504600 ms (FindLiveObjects: 0.254100 ms CreateObjectMapping: 0.137400 ms MarkObjects: 2.592900 ms  DeleteObjects: 0.517400 ms)

========================================================================
Received Import Request.
  Time since last request: 64.876475 seconds.
  path: Assets/Prefabs/InterfaceLetter.prefab
  artifactKey: Guid(66ad86832d19cf7408caf6fd0db37c9d) Importer(815301076,1909f56bfc062723c751e8b465ee728b)
Start importing Assets/Prefabs/InterfaceLetter.prefab using Guid(66ad86832d19cf7408caf6fd0db37c9d) Importer(815301076,1909f56bfc062723c751e8b465ee728b)  -> (artifact id: '7ff96cb66dc853dff2c19b4ba71c6137') in 0.133084 seconds
  Import took 0.138059 seconds .

========================================================================
Received Import Request.
  Time since last request: 2.866055 seconds.
  path: Assets/Prefabs/InterfaceLetter.prefab
  artifactKey: Guid(66ad86832d19cf7408caf6fd0db37c9d) Importer(815301076,1909f56bfc062723c751e8b465ee728b)
Start importing Assets/Prefabs/InterfaceLetter.prefab using Guid(66ad86832d19cf7408caf6fd0db37c9d) Importer(815301076,1909f56bfc062723c751e8b465ee728b)  -> (artifact id: '454b4a59244defcd0d23a17f0aecbf85') in 0.060860 seconds
  Import took 0.066632 seconds .

========================================================================
Received Import Request.
  Time since last request: 1.646830 seconds.
  path: Assets/Prefabs/InterfaceLetter.prefab
  artifactKey: Guid(66ad86832d19cf7408caf6fd0db37c9d) Importer(815301076,1909f56bfc062723c751e8b465ee728b)
Start importing Assets/Prefabs/InterfaceLetter.prefab using Guid(66ad86832d19cf7408caf6fd0db37c9d) Importer(815301076,1909f56bfc062723c751e8b465ee728b)  -> (artifact id: '89bf5f14cad355bf8c0b4f4b2d51fcea') in 0.040099 seconds
  Import took 0.045617 seconds .

========================================================================
Received Import Request.
  Time since last request: 3.202540 seconds.
  path: Assets/Prefabs/InterfaceLetter.prefab
  artifactKey: Guid(66ad86832d19cf7408caf6fd0db37c9d) Importer(815301076,1909f56bfc062723c751e8b465ee728b)
Start importing Assets/Prefabs/InterfaceLetter.prefab using Guid(66ad86832d19cf7408caf6fd0db37c9d) Importer(815301076,1909f56bfc062723c751e8b465ee728b)  -> (artifact id: 'de99682bd81fa6afebbb48ae15d9d0f5') in 0.055778 seconds
  Import took 0.060814 seconds .

========================================================================
Received Import Request.
  Time since last request: 0.740882 seconds.
  path: Assets/Prefabs/InterfaceLetter.prefab
  artifactKey: Guid(66ad86832d19cf7408caf6fd0db37c9d) Importer(815301076,1909f56bfc062723c751e8b465ee728b)
Start importing Assets/Prefabs/InterfaceLetter.prefab using Guid(66ad86832d19cf7408caf6fd0db37c9d) Importer(815301076,1909f56bfc062723c751e8b465ee728b)  -> (artifact id: 'f9326f2afd2f1c060baf6713da3a5a25') in 0.039675 seconds
  Import took 0.044017 seconds .

========================================================================
Received Import Request.
  Time since last request: 0.572253 seconds.
  path: Assets/Prefabs/InterfaceLetter.prefab
  artifactKey: Guid(66ad86832d19cf7408caf6fd0db37c9d) Importer(815301076,1909f56bfc062723c751e8b465ee728b)
Start importing Assets/Prefabs/InterfaceLetter.prefab using Guid(66ad86832d19cf7408caf6fd0db37c9d) Importer(815301076,1909f56bfc062723c751e8b465ee728b)  -> (artifact id: '5d2cf24813d1bbf5358023cd8d3abac9') in 0.034524 seconds
  Import took 0.039023 seconds .

========================================================================
Received Import Request.
  Time since last request: 4.463398 seconds.
  path: Assets/Prefabs/InterfaceLetter.prefab
  artifactKey: Guid(66ad86832d19cf7408caf6fd0db37c9d) Importer(815301076,1909f56bfc062723c751e8b465ee728b)
Start importing Assets/Prefabs/InterfaceLetter.prefab using Guid(66ad86832d19cf7408caf6fd0db37c9d) Importer(815301076,1909f56bfc062723c751e8b465ee728b)  -> (artifact id: 'c08c80768c5a9e6204ebbddbf9457492') in 0.046922 seconds
  Import took 0.052922 seconds .

========================================================================
Received Prepare
Registering precompiled user dll's ...
Registered in 0.001000 seconds.
Begin MonoManager ReloadAssembly
Native extension for WindowsStandalone target not found
Refreshing native plugins compatible for Editor in 0.80 ms, found 0 plugins.
Preloading 0 native plugins for Editor in 0.00 ms.
Invoked RoslynAnalysisRunner static constructor.
RoslynAnalysisRunner will not be running.
RoslynAnalysisRunner has terminated.
Mono: successfully reloaded assembly
- Completed reload, in  1.722 seconds
Platform modules already initialized, skipping
Refreshing native plugins compatible for Editor in 0.52 ms, found 0 plugins.
Preloading 0 native plugins for Editor in 0.00 ms.
Unloading 1207 Unused Serialized files (Serialized files now loaded: 0)
System memory in use before: 92.2 MB.
System memory in use after: 92.0 MB.

Unloading 6 unused Assets to reduce memory usage. Loaded Objects now: 1730.
Total: 6.829300 ms (FindLiveObjects: 0.496700 ms CreateObjectMapping: 0.250000 ms MarkObjects: 5.539900 ms  DeleteObjects: 0.539100 ms)

========================================================================
Received Prepare
Registering precompiled user dll's ...
Registered in 0.001109 seconds.
Begin MonoManager ReloadAssembly
Native extension for WindowsStandalone target not found
Refreshing native plugins compatible for Editor in 0.48 ms, found 0 plugins.
Preloading 0 native plugins for Editor in 0.00 ms.
Invoked RoslynAnalysisRunner static constructor.
RoslynAnalysisRunner will not be running.
RoslynAnalysisRunner has terminated.
Mono: successfully reloaded assembly
- Completed reload, in  1.141 seconds
Platform modules already initialized, skipping
Refreshing native plugins compatible for Editor in 0.55 ms, found 0 plugins.
Preloading 0 native plugins for Editor in 0.00 ms.
Unloading 1207 Unused Serialized files (Serialized files now loaded: 0)
System memory in use before: 91.9 MB.
System memory in use after: 91.7 MB.

Unloading 5 unused Assets to reduce memory usage. Loaded Objects now: 1732.
Total: 3.746300 ms (FindLiveObjects: 0.297600 ms CreateObjectMapping: 0.155000 ms MarkObjects: 2.765100 ms  DeleteObjects: 0.526000 ms)

========================================================================
Received Prepare
Registering precompiled user dll's ...
Registered in 0.001179 seconds.
Begin MonoManager ReloadAssembly
Native extension for WindowsStandalone target not found
Refreshing native plugins compatible for Editor in 0.56 ms, found 0 plugins.
Preloading 0 native plugins for Editor in 0.00 ms.
Invoked RoslynAnalysisRunner static constructor.
RoslynAnalysisRunner will not be running.
RoslynAnalysisRunner has terminated.
Mono: successfully reloaded assembly
- Completed reload, in  1.469 seconds
Platform modules already initialized, skipping
Refreshing native plugins compatible for Editor in 0.60 ms, found 0 plugins.
Preloading 0 native plugins for Editor in 0.00 ms.
Unloading 1207 Unused Serialized files (Serialized files now loaded: 0)
System memory in use before: 92.2 MB.
System memory in use after: 92.0 MB.

Unloading 5 unused Assets to reduce memory usage. Loaded Objects now: 1734.
Total: 3.248400 ms (FindLiveObjects: 0.541800 ms CreateObjectMapping: 0.172200 ms MarkObjects: 2.104400 ms  DeleteObjects: 0.428500 ms)

========================================================================
Received Import Request.
  Time since last request: 1489.248017 seconds.
  path: Assets/Scripts
  artifactKey: Guid(5edc7d61bc4365d41887b8146842ec46) Importer(815301076,1909f56bfc062723c751e8b465ee728b)
Start importing Assets/Scripts using Guid(5edc7d61bc4365d41887b8146842ec46) Importer(815301076,1909f56bfc062723c751e8b465ee728b)  -> (artifact id: 'fca7c8fe1ad5f5fd50437b459b481606') in 0.014218 seconds
  Import took 0.019018 seconds .

========================================================================
Received Import Request.
  Time since last request: 0.007110 seconds.
  path: Assets/Scripts
  artifactKey: Guid(5edc7d61bc4365d41887b8146842ec46) Importer(815301076,1909f56bfc062723c751e8b465ee728b)
Start importing Assets/Scripts using Guid(5edc7d61bc4365d41887b8146842ec46) Importer(815301076,1909f56bfc062723c751e8b465ee728b)  -> (artifact id: 'fca7c8fe1ad5f5fd50437b459b481606') in 0.007194 seconds
  Import took 0.011680 seconds .

========================================================================
Received Import Request.
  Time since last request: 4.474200 seconds.
  path: Assets/Scripts/Bot
  artifactKey: Guid(9478e86fe0962bb499f928c6031ef4e5) Importer(815301076,1909f56bfc062723c751e8b465ee728b)
Start importing Assets/Scripts/Bot using Guid(9478e86fe0962bb499f928c6031ef4e5) Importer(815301076,1909f56bfc062723c751e8b465ee728b)  -> (artifact id: 'a34f6449d4722e6cbbfc24736ec49a73') in 0.021063 seconds
  Import took 0.025507 seconds .

========================================================================
Received Import Request.
  Time since last request: 10.641858 seconds.
  path: Assets/Scripts/Bot/BotMoveController.cs
  artifactKey: Guid(a32036462352b374eb6d29ea73137623) Importer(815301076,1909f56bfc062723c751e8b465ee728b)
Start importing Assets/Scripts/Bot/BotMoveController.cs using Guid(a32036462352b374eb6d29ea73137623) Importer(815301076,1909f56bfc062723c751e8b465ee728b)  -> (artifact id: '805becbc3af78776e8b80baa38fdd895') in 0.046762 seconds
  Import took 0.056274 seconds .

========================================================================
Received Prepare
Registering precompiled user dll's ...
Registered in 0.000901 seconds.
Begin MonoManager ReloadAssembly
Native extension for WindowsStandalone target not found
Refreshing native plugins compatible for Editor in 0.92 ms, found 0 plugins.
Preloading 0 native plugins for Editor in 0.00 ms.
Invoked RoslynAnalysisRunner static constructor.
RoslynAnalysisRunner will not be running.
RoslynAnalysisRunner has terminated.
Mono: successfully reloaded assembly
- Completed reload, in  1.348 seconds
Platform modules already initialized, skipping
Refreshing native plugins compatible for Editor in 0.86 ms, found 0 plugins.
Preloading 0 native plugins for Editor in 0.00 ms.
Unloading 1208 Unused Serialized files (Serialized files now loaded: 0)
System memory in use before: 92.2 MB.
System memory in use after: 92.0 MB.

Unloading 5 unused Assets to reduce memory usage. Loaded Objects now: 1737.
Total: 5.664700 ms (FindLiveObjects: 0.636700 ms CreateObjectMapping: 0.222200 ms MarkObjects: 4.101900 ms  DeleteObjects: 0.701600 ms)

========================================================================
Received Import Request.
  Time since last request: 35.187460 seconds.
  path: Assets/Scripts/Bot/BotWordContainer.cs
  artifactKey: Guid(29f8fdc1abd8d4e48b46d8b505394f1c) Importer(815301076,1909f56bfc062723c751e8b465ee728b)
Start importing Assets/Scripts/Bot/BotWordContainer.cs using Guid(29f8fdc1abd8d4e48b46d8b505394f1c) Importer(815301076,1909f56bfc062723c751e8b465ee728b)  -> (artifact id: '6a17b93663fe3bfb946f87e54a06899b') in 0.037595 seconds
  Import took 0.045446 seconds .

========================================================================
Received Prepare
Registering precompiled user dll's ...
Registered in 0.001355 seconds.
Begin MonoManager ReloadAssembly
Native extension for WindowsStandalone target not found
Refreshing native plugins compatible for Editor in 0.62 ms, found 0 plugins.
Preloading 0 native plugins for Editor in 0.00 ms.
Invoked RoslynAnalysisRunner static constructor.
RoslynAnalysisRunner will not be running.
RoslynAnalysisRunner has terminated.
Mono: successfully reloaded assembly
- Completed reload, in  4.651 seconds
Platform modules already initialized, skipping
Refreshing native plugins compatible for Editor in 0.65 ms, found 0 plugins.
Preloading 0 native plugins for Editor in 0.00 ms.
Unloading 1209 Unused Serialized files (Serialized files now loaded: 0)
System memory in use before: 92.3 MB.
System memory in use after: 92.1 MB.

Unloading 5 unused Assets to reduce memory usage. Loaded Objects now: 1740.
Total: 6.888900 ms (FindLiveObjects: 1.656000 ms CreateObjectMapping: 0.259600 ms MarkObjects: 4.508800 ms  DeleteObjects: 0.462100 ms)

========================================================================
Received Import Request.
  Time since last request: 18.545435 seconds.
  path: Assets/Scripts/Bot/BotWordContainer.cs
  artifactKey: Guid(29f8fdc1abd8d4e48b46d8b505394f1c) Importer(815301076,1909f56bfc062723c751e8b465ee728b)
Start importing Assets/Scripts/Bot/BotWordContainer.cs using Guid(29f8fdc1abd8d4e48b46d8b505394f1c) Importer(815301076,1909f56bfc062723c751e8b465ee728b)  -> (artifact id: '36fb822181fdb43cc01888539a70d08a') in 0.023218 seconds
  Import took 0.030530 seconds .

========================================================================
Received Import Request.
  Time since last request: 11.516140 seconds.
  path: Assets/Scripts/Bot/BotWordContainer.cs
  artifactKey: Guid(29f8fdc1abd8d4e48b46d8b505394f1c) Importer(815301076,1909f56bfc062723c751e8b465ee728b)
Start importing Assets/Scripts/Bot/BotWordContainer.cs using Guid(29f8fdc1abd8d4e48b46d8b505394f1c) Importer(815301076,1909f56bfc062723c751e8b465ee728b)  -> (artifact id: 'ba0d094c79934966c4bce4932ab625aa') in 0.011666 seconds
  Import took 0.018205 seconds .

========================================================================
Received Prepare
Registering precompiled user dll's ...
Registered in 0.001032 seconds.
Begin MonoManager ReloadAssembly
Native extension for WindowsStandalone target not found
Refreshing native plugins compatible for Editor in 0.57 ms, found 0 plugins.
Preloading 0 native plugins for Editor in 0.00 ms.
Invoked RoslynAnalysisRunner static constructor.
RoslynAnalysisRunner will not be running.
RoslynAnalysisRunner has terminated.
Mono: successfully reloaded assembly
- Completed reload, in  1.473 seconds
Platform modules already initialized, skipping
Refreshing native plugins compatible for Editor in 0.86 ms, found 0 plugins.
Preloading 0 native plugins for Editor in 0.00 ms.
Unloading 1209 Unused Serialized files (Serialized files now loaded: 0)
System memory in use before: 92.2 MB.
System memory in use after: 92.0 MB.

Unloading 5 unused Assets to reduce memory usage. Loaded Objects now: 1742.
Total: 4.283600 ms (FindLiveObjects: 0.631800 ms CreateObjectMapping: 0.363500 ms MarkObjects: 2.731700 ms  DeleteObjects: 0.554000 ms)

========================================================================
Received Prepare
Registering precompiled user dll's ...
Registered in 0.000923 seconds.
Begin MonoManager ReloadAssembly
Native extension for WindowsStandalone target not found
Refreshing native plugins compatible for Editor in 0.57 ms, found 0 plugins.
Preloading 0 native plugins for Editor in 0.00 ms.
Invoked RoslynAnalysisRunner static constructor.
RoslynAnalysisRunner will not be running.
RoslynAnalysisRunner has terminated.
Mono: successfully reloaded assembly
- Completed reload, in  1.948 seconds
Platform modules already initialized, skipping
Refreshing native plugins compatible for Editor in 1.15 ms, found 0 plugins.
Preloading 0 native plugins for Editor in 0.00 ms.
Unloading 1209 Unused Serialized files (Serialized files now loaded: 0)
System memory in use before: 92.3 MB.
System memory in use after: 92.1 MB.

Unloading 5 unused Assets to reduce memory usage. Loaded Objects now: 1744.
Total: 6.769600 ms (FindLiveObjects: 1.208900 ms CreateObjectMapping: 0.557400 ms MarkObjects: 4.454000 ms  DeleteObjects: 0.546300 ms)

========================================================================
Received Prepare
Registering precompiled user dll's ...
Registered in 0.001349 seconds.
Begin MonoManager ReloadAssembly
Native extension for WindowsStandalone target not found
Refreshing native plugins compatible for Editor in 0.57 ms, found 0 plugins.
Preloading 0 native plugins for Editor in 0.00 ms.
Invoked RoslynAnalysisRunner static constructor.
RoslynAnalysisRunner will not be running.
RoslynAnalysisRunner has terminated.
Mono: successfully reloaded assembly
- Completed reload, in  1.457 seconds
Platform modules already initialized, skipping
Refreshing native plugins compatible for Editor in 0.86 ms, found 0 plugins.
Preloading 0 native plugins for Editor in 0.00 ms.
Unloading 1209 Unused Serialized files (Serialized files now loaded: 0)
System memory in use before: 92.3 MB.
System memory in use after: 92.1 MB.

Unloading 5 unused Assets to reduce memory usage. Loaded Objects now: 1746.
Total: 4.286000 ms (FindLiveObjects: 0.362800 ms CreateObjectMapping: 0.142900 ms MarkObjects: 3.030400 ms  DeleteObjects: 0.747500 ms)

========================================================================
Received Prepare
Registering precompiled user dll's ...
Registered in 0.000927 seconds.
Begin MonoManager ReloadAssembly
Native extension for WindowsStandalone target not found
Refreshing native plugins compatible for Editor in 0.57 ms, found 0 plugins.
Preloading 0 native plugins for Editor in 0.00 ms.
Invoked RoslynAnalysisRunner static constructor.
RoslynAnalysisRunner will not be running.
RoslynAnalysisRunner has terminated.
Mono: successfully reloaded assembly
- Completed reload, in  1.496 seconds
Platform modules already initialized, skipping
Refreshing native plugins compatible for Editor in 0.78 ms, found 0 plugins.
Preloading 0 native plugins for Editor in 0.00 ms.
Unloading 1209 Unused Serialized files (Serialized files now loaded: 0)
System memory in use before: 92.3 MB.
System memory in use after: 92.1 MB.

Unloading 5 unused Assets to reduce memory usage. Loaded Objects now: 1748.
Total: 6.289100 ms (FindLiveObjects: 0.760000 ms CreateObjectMapping: 0.162800 ms MarkObjects: 4.498000 ms  DeleteObjects: 0.865700 ms)

========================================================================
Received Prepare
Registering precompiled user dll's ...
Registered in 0.001313 seconds.
Begin MonoManager ReloadAssembly
Native extension for WindowsStandalone target not found
Refreshing native plugins compatible for Editor in 0.65 ms, found 0 plugins.
Preloading 0 native plugins for Editor in 0.00 ms.
Invoked RoslynAnalysisRunner static constructor.
RoslynAnalysisRunner will not be running.
RoslynAnalysisRunner has terminated.
Mono: successfully reloaded assembly
- Completed reload, in  1.746 seconds
Platform modules already initialized, skipping
Refreshing native plugins compatible for Editor in 0.84 ms, found 0 plugins.
Preloading 0 native plugins for Editor in 0.00 ms.
Unloading 1209 Unused Serialized files (Serialized files now loaded: 0)
System memory in use before: 92.3 MB.
System memory in use after: 92.1 MB.

Unloading 5 unused Assets to reduce memory usage. Loaded Objects now: 1750.
Total: 3.717600 ms (FindLiveObjects: 0.454800 ms CreateObjectMapping: 0.150400 ms MarkObjects: 2.659500 ms  DeleteObjects: 0.450600 ms)

========================================================================
Received Prepare
Registering precompiled user dll's ...
Registered in 0.000975 seconds.
Begin MonoManager ReloadAssembly
Native extension for WindowsStandalone target not found
Refreshing native plugins compatible for Editor in 0.55 ms, found 0 plugins.
Preloading 0 native plugins for Editor in 0.00 ms.
Invoked RoslynAnalysisRunner static constructor.
RoslynAnalysisRunner will not be running.
RoslynAnalysisRunner has terminated.
Mono: successfully reloaded assembly
- Completed reload, in  1.677 seconds
Platform modules already initialized, skipping
Refreshing native plugins compatible for Editor in 0.82 ms, found 0 plugins.
Preloading 0 native plugins for Editor in 0.00 ms.
Unloading 1208 Unused Serialized files (Serialized files now loaded: 0)
System memory in use before: 92.1 MB.
System memory in use after: 91.9 MB.

Unloading 5 unused Assets to reduce memory usage. Loaded Objects now: 1752.
Total: 6.216400 ms (FindLiveObjects: 0.712600 ms CreateObjectMapping: 0.437600 ms MarkObjects: 4.010400 ms  DeleteObjects: 1.053300 ms)

========================================================================
Received Import Request.
  Time since last request: 253.591348 seconds.
  path: Assets/Prefabs
  artifactKey: Guid(d4566e6a937bd9a44b30306eeba552cf) Importer(815301076,1909f56bfc062723c751e8b465ee728b)
Start importing Assets/Prefabs using Guid(d4566e6a937bd9a44b30306eeba552cf) Importer(815301076,1909f56bfc062723c751e8b465ee728b)  -> (artifact id: '499883d067834a4639ae24c75c480dfa') in 0.019316 seconds
  Import took 0.024039 seconds .

========================================================================
Received Prepare
Registering precompiled user dll's ...
Registered in 0.000951 seconds.
Begin MonoManager ReloadAssembly
Native extension for WindowsStandalone target not found
Refreshing native plugins compatible for Editor in 0.59 ms, found 0 plugins.
Preloading 0 native plugins for Editor in 0.00 ms.
Invoked RoslynAnalysisRunner static constructor.
RoslynAnalysisRunner will not be running.
RoslynAnalysisRunner has terminated.
Mono: successfully reloaded assembly
- Completed reload, in  1.440 seconds
Platform modules already initialized, skipping
Refreshing native plugins compatible for Editor in 0.87 ms, found 0 plugins.
Preloading 0 native plugins for Editor in 0.00 ms.
Unloading 1208 Unused Serialized files (Serialized files now loaded: 0)
System memory in use before: 92.3 MB.
System memory in use after: 92.1 MB.

Unloading 5 unused Assets to reduce memory usage. Loaded Objects now: 1754.
Total: 3.819100 ms (FindLiveObjects: 0.272900 ms CreateObjectMapping: 0.141500 ms MarkObjects: 2.829000 ms  DeleteObjects: 0.574000 ms)

========================================================================
Received Prepare
Registering precompiled user dll's ...
Registered in 0.000979 seconds.
Begin MonoManager ReloadAssembly
Native extension for WindowsStandalone target not found
Refreshing native plugins compatible for Editor in 0.59 ms, found 0 plugins.
Preloading 0 native plugins for Editor in 0.00 ms.
Invoked RoslynAnalysisRunner static constructor.
RoslynAnalysisRunner will not be running.
RoslynAnalysisRunner has terminated.
Mono: successfully reloaded assembly
- Completed reload, in  1.783 seconds
Platform modules already initialized, skipping
Refreshing native plugins compatible for Editor in 0.77 ms, found 0 plugins.
Preloading 0 native plugins for Editor in 0.00 ms.
Unloading 1208 Unused Serialized files (Serialized files now loaded: 0)
System memory in use before: 92.3 MB.
System memory in use after: 92.1 MB.

Unloading 5 unused Assets to reduce memory usage. Loaded Objects now: 1756.
Total: 13.440200 ms (FindLiveObjects: 7.011600 ms CreateObjectMapping: 0.940600 ms MarkObjects: 4.906200 ms  DeleteObjects: 0.578400 ms)

========================================================================
Received Prepare
Registering precompiled user dll's ...
Registered in 0.001369 seconds.
Begin MonoManager ReloadAssembly
Native extension for WindowsStandalone target not found
Refreshing native plugins compatible for Editor in 0.61 ms, found 0 plugins.
Preloading 0 native plugins for Editor in 0.00 ms.
Invoked RoslynAnalysisRunner static constructor.
RoslynAnalysisRunner will not be running.
RoslynAnalysisRunner has terminated.
Mono: successfully reloaded assembly
- Completed reload, in  1.643 seconds
Platform modules already initialized, skipping
Refreshing native plugins compatible for Editor in 0.73 ms, found 0 plugins.
Preloading 0 native plugins for Editor in 0.00 ms.
Unloading 1208 Unused Serialized files (Serialized files now loaded: 0)
System memory in use before: 92.3 MB.
System memory in use after: 92.1 MB.

Unloading 5 unused Assets to reduce memory usage. Loaded Objects now: 1758.
Total: 3.223300 ms (FindLiveObjects: 0.355800 ms CreateObjectMapping: 0.137600 ms MarkObjects: 2.244100 ms  DeleteObjects: 0.483700 ms)

========================================================================
Received Prepare
Registering precompiled user dll's ...
Registered in 0.000929 seconds.
Begin MonoManager ReloadAssembly
Native extension for WindowsStandalone target not found
Refreshing native plugins compatible for Editor in 0.83 ms, found 0 plugins.
Preloading 0 native plugins for Editor in 0.00 ms.
Invoked RoslynAnalysisRunner static constructor.
RoslynAnalysisRunner will not be running.
RoslynAnalysisRunner has terminated.
Mono: successfully reloaded assembly
- Completed reload, in  2.439 seconds
Platform modules already initialized, skipping
Refreshing native plugins compatible for Editor in 0.84 ms, found 0 plugins.
Preloading 0 native plugins for Editor in 0.00 ms.
Unloading 1208 Unused Serialized files (Serialized files now loaded: 0)
System memory in use before: 92.3 MB.
System memory in use after: 92.1 MB.

Unloading 5 unused Assets to reduce memory usage. Loaded Objects now: 1760.
Total: 5.812500 ms (FindLiveObjects: 0.450100 ms CreateObjectMapping: 0.186000 ms MarkObjects: 3.719500 ms  DeleteObjects: 1.454000 ms)

========================================================================
Received Prepare
Registering precompiled user dll's ...
Registered in 0.001076 seconds.
Begin MonoManager ReloadAssembly
Native extension for WindowsStandalone target not found
Refreshing native plugins compatible for Editor in 0.58 ms, found 0 plugins.
Preloading 0 native plugins for Editor in 0.00 ms.
Invoked RoslynAnalysisRunner static constructor.
RoslynAnalysisRunner will not be running.
RoslynAnalysisRunner has terminated.
Mono: successfully reloaded assembly
- Completed reload, in  1.461 seconds
Platform modules already initialized, skipping
Refreshing native plugins compatible for Editor in 0.93 ms, found 0 plugins.
Preloading 0 native plugins for Editor in 0.00 ms.
Unloading 1208 Unused Serialized files (Serialized files now loaded: 0)
System memory in use before: 92.3 MB.
System memory in use after: 92.1 MB.

Unloading 5 unused Assets to reduce memory usage. Loaded Objects now: 1762.
Total: 3.924700 ms (FindLiveObjects: 0.447700 ms CreateObjectMapping: 0.154800 ms MarkObjects: 2.759400 ms  DeleteObjects: 0.560900 ms)

========================================================================
Received Prepare
Registering precompiled user dll's ...
Registered in 0.001319 seconds.
Begin MonoManager ReloadAssembly
Native extension for WindowsStandalone target not found
Refreshing native plugins compatible for Editor in 1.62 ms, found 0 plugins.
Preloading 0 native plugins for Editor in 0.00 ms.
Invoked RoslynAnalysisRunner static constructor.
RoslynAnalysisRunner will not be running.
RoslynAnalysisRunner has terminated.
Mono: successfully reloaded assembly
- Completed reload, in  2.375 seconds
Platform modules already initialized, skipping
Refreshing native plugins compatible for Editor in 0.78 ms, found 0 plugins.
Preloading 0 native plugins for Editor in 0.00 ms.
Unloading 1208 Unused Serialized files (Serialized files now loaded: 0)
System memory in use before: 92.3 MB.
System memory in use after: 92.1 MB.

Unloading 5 unused Assets to reduce memory usage. Loaded Objects now: 1764.
Total: 6.850500 ms (FindLiveObjects: 0.795400 ms CreateObjectMapping: 0.297200 ms MarkObjects: 5.261500 ms  DeleteObjects: 0.493500 ms)

========================================================================
Received Prepare
Registering precompiled user dll's ...
Registered in 0.000908 seconds.
Begin MonoManager ReloadAssembly
Native extension for WindowsStandalone target not found
Refreshing native plugins compatible for Editor in 0.58 ms, found 0 plugins.
Preloading 0 native plugins for Editor in 0.00 ms.
Invoked RoslynAnalysisRunner static constructor.
RoslynAnalysisRunner will not be running.
RoslynAnalysisRunner has terminated.
Mono: successfully reloaded assembly
- Completed reload, in  1.928 seconds
Platform modules already initialized, skipping
Refreshing native plugins compatible for Editor in 0.66 ms, found 0 plugins.
Preloading 0 native plugins for Editor in 0.00 ms.
Unloading 1208 Unused Serialized files (Serialized files now loaded: 0)
System memory in use before: 92.3 MB.
System memory in use after: 92.1 MB.

Unloading 5 unused Assets to reduce memory usage. Loaded Objects now: 1766.
Total: 4.174300 ms (FindLiveObjects: 0.819800 ms CreateObjectMapping: 0.156200 ms MarkObjects: 2.717300 ms  DeleteObjects: 0.478300 ms)

========================================================================
Received Prepare
Registering precompiled user dll's ...
Registered in 0.001411 seconds.
Begin MonoManager ReloadAssembly
Native extension for WindowsStandalone target not found
Refreshing native plugins compatible for Editor in 0.57 ms, found 0 plugins.
Preloading 0 native plugins for Editor in 0.00 ms.
Invoked RoslynAnalysisRunner static constructor.
RoslynAnalysisRunner will not be running.
RoslynAnalysisRunner has terminated.
Mono: successfully reloaded assembly
- Completed reload, in  1.698 seconds
Platform modules already initialized, skipping
Refreshing native plugins compatible for Editor in 0.66 ms, found 0 plugins.
Preloading 0 native plugins for Editor in 0.00 ms.
Unloading 1208 Unused Serialized files (Serialized files now loaded: 0)
System memory in use before: 92.3 MB.
System memory in use after: 92.1 MB.

Unloading 5 unused Assets to reduce memory usage. Loaded Objects now: 1768.
Total: 5.865400 ms (FindLiveObjects: 0.595100 ms CreateObjectMapping: 0.338700 ms MarkObjects: 4.171700 ms  DeleteObjects: 0.758000 ms)

========================================================================
Received Prepare
Registering precompiled user dll's ...
Registered in 0.001093 seconds.
Begin MonoManager ReloadAssembly
Native extension for WindowsStandalone target not found
Refreshing native plugins compatible for Editor in 0.80 ms, found 0 plugins.
Preloading 0 native plugins for Editor in 0.00 ms.
Invoked RoslynAnalysisRunner static constructor.
RoslynAnalysisRunner will not be running.
RoslynAnalysisRunner has terminated.
Mono: successfully reloaded assembly
- Completed reload, in  1.786 seconds
Platform modules already initialized, skipping
Refreshing native plugins compatible for Editor in 0.89 ms, found 0 plugins.
Preloading 0 native plugins for Editor in 0.00 ms.
Unloading 1208 Unused Serialized files (Serialized files now loaded: 0)
System memory in use before: 92.3 MB.
System memory in use after: 92.1 MB.

Unloading 5 unused Assets to reduce memory usage. Loaded Objects now: 1770.
Total: 4.832300 ms (FindLiveObjects: 0.523400 ms CreateObjectMapping: 0.213100 ms MarkObjects: 3.350000 ms  DeleteObjects: 0.742800 ms)

========================================================================
Received Prepare
Registering precompiled user dll's ...
Registered in 0.000959 seconds.
Begin MonoManager ReloadAssembly
Native extension for WindowsStandalone target not found
Refreshing native plugins compatible for Editor in 0.83 ms, found 0 plugins.
Preloading 0 native plugins for Editor in 0.00 ms.
Invoked RoslynAnalysisRunner static constructor.
RoslynAnalysisRunner will not be running.
RoslynAnalysisRunner has terminated.
Mono: successfully reloaded assembly
- Completed reload, in  1.375 seconds
Platform modules already initialized, skipping
Refreshing native plugins compatible for Editor in 0.83 ms, found 0 plugins.
Preloading 0 native plugins for Editor in 0.00 ms.
Unloading 1208 Unused Serialized files (Serialized files now loaded: 0)
System memory in use before: 92.3 MB.
System memory in use after: 92.1 MB.

Unloading 5 unused Assets to reduce memory usage. Loaded Objects now: 1772.
Total: 7.781300 ms (FindLiveObjects: 0.700800 ms CreateObjectMapping: 0.359900 ms MarkObjects: 5.873300 ms  DeleteObjects: 0.844200 ms)

========================================================================
Received Prepare
Registering precompiled user dll's ...
Registered in 0.000978 seconds.
Begin MonoManager ReloadAssembly
Native extension for WindowsStandalone target not found
Refreshing native plugins compatible for Editor in 0.50 ms, found 0 plugins.
Preloading 0 native plugins for Editor in 0.00 ms.
Invoked RoslynAnalysisRunner static constructor.
RoslynAnalysisRunner will not be running.
RoslynAnalysisRunner has terminated.
Mono: successfully reloaded assembly
- Completed reload, in  1.405 seconds
Platform modules already initialized, skipping
Refreshing native plugins compatible for Editor in 0.51 ms, found 0 plugins.
Preloading 0 native plugins for Editor in 0.00 ms.
Unloading 1208 Unused Serialized files (Serialized files now loaded: 0)
System memory in use before: 92.3 MB.
System memory in use after: 92.2 MB.

Unloading 5 unused Assets to reduce memory usage. Loaded Objects now: 1774.
Total: 3.023100 ms (FindLiveObjects: 0.414000 ms CreateObjectMapping: 0.153100 ms MarkObjects: 2.050500 ms  DeleteObjects: 0.403200 ms)

========================================================================
Received Import Request.
  Time since last request: 1635.445197 seconds.
  path: Assets/Prefabs/LetterBlock.prefab
  artifactKey: Guid(b85c2649942cfcc48a8dcf97304746b8) Importer(815301076,1909f56bfc062723c751e8b465ee728b)
Start importing Assets/Prefabs/LetterBlock.prefab using Guid(b85c2649942cfcc48a8dcf97304746b8) Importer(815301076,1909f56bfc062723c751e8b465ee728b)  -> (artifact id: '86056d6576c54ec913067e9596f4483b') in 0.189875 seconds
  Import took 0.194456 seconds .

========================================================================
Received Prepare
Registering precompiled user dll's ...
Registered in 0.001154 seconds.
Begin MonoManager ReloadAssembly
Native extension for WindowsStandalone target not found
Refreshing native plugins compatible for Editor in 0.78 ms, found 0 plugins.
Preloading 0 native plugins for Editor in 0.00 ms.
Invoked RoslynAnalysisRunner static constructor.
RoslynAnalysisRunner will not be running.
RoslynAnalysisRunner has terminated.
Mono: successfully reloaded assembly
- Completed reload, in  1.513 seconds
Platform modules already initialized, skipping
Refreshing native plugins compatible for Editor in 0.84 ms, found 0 plugins.
Preloading 0 native plugins for Editor in 0.00 ms.
Unloading 1208 Unused Serialized files (Serialized files now loaded: 0)
System memory in use before: 92.4 MB.
System memory in use after: 92.2 MB.

Unloading 6 unused Assets to reduce memory usage. Loaded Objects now: 1777.
Total: 3.508600 ms (FindLiveObjects: 0.301300 ms CreateObjectMapping: 0.138700 ms MarkObjects: 2.596700 ms  DeleteObjects: 0.467600 ms)

========================================================================
Received Prepare
Registering precompiled user dll's ...
Registered in 0.000949 seconds.
Begin MonoManager ReloadAssembly
Native extension for WindowsStandalone target not found
Refreshing native plugins compatible for Editor in 0.84 ms, found 0 plugins.
Preloading 0 native plugins for Editor in 0.00 ms.
Invoked RoslynAnalysisRunner static constructor.
RoslynAnalysisRunner will not be running.
RoslynAnalysisRunner has terminated.
Mono: successfully reloaded assembly
- Completed reload, in  1.314 seconds
Platform modules already initialized, skipping
Refreshing native plugins compatible for Editor in 0.61 ms, found 0 plugins.
Preloading 0 native plugins for Editor in 0.00 ms.
Unloading 1208 Unused Serialized files (Serialized files now loaded: 0)
System memory in use before: 92.4 MB.
System memory in use after: 92.2 MB.

Unloading 5 unused Assets to reduce memory usage. Loaded Objects now: 1779.
Total: 3.388600 ms (FindLiveObjects: 0.413300 ms CreateObjectMapping: 0.204400 ms MarkObjects: 2.168200 ms  DeleteObjects: 0.599300 ms)

========================================================================
Received Import Request.
  Time since last request: 91.320655 seconds.
  path: Assets/Prefabs/Minion.prefab
  artifactKey: Guid(9120e22f22e338249a5c81d1fbe81de3) Importer(815301076,1909f56bfc062723c751e8b465ee728b)
Start importing Assets/Prefabs/Minion.prefab using Guid(9120e22f22e338249a5c81d1fbe81de3) Importer(815301076,1909f56bfc062723c751e8b465ee728b)  -> (artifact id: '3233a3c49a2181a5b01dc8ecb85c559b') in 0.233875 seconds
  Import took 0.239562 seconds .

========================================================================
Received Prepare
Registering precompiled user dll's ...
Registered in 0.001453 seconds.
Begin MonoManager ReloadAssembly
Native extension for WindowsStandalone target not found
Refreshing native plugins compatible for Editor in 0.49 ms, found 0 plugins.
Preloading 0 native plugins for Editor in 0.00 ms.
Invoked RoslynAnalysisRunner static constructor.
RoslynAnalysisRunner will not be running.
RoslynAnalysisRunner has terminated.
Mono: successfully reloaded assembly
- Completed reload, in  1.331 seconds
Platform modules already initialized, skipping
Refreshing native plugins compatible for Editor in 0.69 ms, found 0 plugins.
Preloading 0 native plugins for Editor in 0.00 ms.
Unloading 1208 Unused Serialized files (Serialized files now loaded: 0)
System memory in use before: 92.2 MB.
System memory in use after: 92.0 MB.

Unloading 5 unused Assets to reduce memory usage. Loaded Objects now: 1782.
Total: 3.037800 ms (FindLiveObjects: 0.247100 ms CreateObjectMapping: 0.070800 ms MarkObjects: 2.219300 ms  DeleteObjects: 0.497900 ms)

========================================================================
Received Prepare
Registering precompiled user dll's ...
Registered in 0.000849 seconds.
Begin MonoManager ReloadAssembly
Native extension for WindowsStandalone target not found
Refreshing native plugins compatible for Editor in 0.72 ms, found 0 plugins.
Preloading 0 native plugins for Editor in 0.00 ms.
Invoked RoslynAnalysisRunner static constructor.
RoslynAnalysisRunner will not be running.
RoslynAnalysisRunner has terminated.
Mono: successfully reloaded assembly
- Completed reload, in  1.429 seconds
Platform modules already initialized, skipping
Refreshing native plugins compatible for Editor in 1.29 ms, found 0 plugins.
Preloading 0 native plugins for Editor in 0.00 ms.
Unloading 1208 Unused Serialized files (Serialized files now loaded: 0)
System memory in use before: 92.4 MB.
System memory in use after: 92.2 MB.

Unloading 5 unused Assets to reduce memory usage. Loaded Objects now: 1784.
Total: 10.388700 ms (FindLiveObjects: 1.506100 ms CreateObjectMapping: 0.556800 ms MarkObjects: 7.417700 ms  DeleteObjects: 0.832000 ms)

========================================================================
Received Prepare
Registering precompiled user dll's ...
Registered in 0.000929 seconds.
Begin MonoManager ReloadAssembly
Native extension for WindowsStandalone target not found
Refreshing native plugins compatible for Editor in 0.58 ms, found 0 plugins.
Preloading 0 native plugins for Editor in 0.00 ms.
Invoked RoslynAnalysisRunner static constructor.
RoslynAnalysisRunner will not be running.
RoslynAnalysisRunner has terminated.
Mono: successfully reloaded assembly
- Completed reload, in  1.365 seconds
Platform modules already initialized, skipping
Refreshing native plugins compatible for Editor in 0.69 ms, found 0 plugins.
Preloading 0 native plugins for Editor in 0.00 ms.
Unloading 1208 Unused Serialized files (Serialized files now loaded: 0)
System memory in use before: 92.4 MB.
System memory in use after: 92.2 MB.

Unloading 5 unused Assets to reduce memory usage. Loaded Objects now: 1786.
Total: 3.231300 ms (FindLiveObjects: 0.267900 ms CreateObjectMapping: 0.213700 ms MarkObjects: 2.160600 ms  DeleteObjects: 0.587500 ms)

========================================================================
Received Prepare
Registering precompiled user dll's ...
Registered in 0.001048 seconds.
Begin MonoManager ReloadAssembly
Native extension for WindowsStandalone target not found
Refreshing native plugins compatible for Editor in 0.60 ms, found 0 plugins.
Preloading 0 native plugins for Editor in 0.00 ms.
Invoked RoslynAnalysisRunner static constructor.
RoslynAnalysisRunner will not be running.
RoslynAnalysisRunner has terminated.
Mono: successfully reloaded assembly
- Completed reload, in  1.886 seconds
Platform modules already initialized, skipping
Refreshing native plugins compatible for Editor in 0.66 ms, found 0 plugins.
Preloading 0 native plugins for Editor in 0.00 ms.
Unloading 1208 Unused Serialized files (Serialized files now loaded: 0)
System memory in use before: 92.4 MB.
System memory in use after: 92.2 MB.

Unloading 5 unused Assets to reduce memory usage. Loaded Objects now: 1788.
Total: 8.675100 ms (FindLiveObjects: 2.358000 ms CreateObjectMapping: 1.408700 ms MarkObjects: 4.412000 ms  DeleteObjects: 0.493900 ms)

========================================================================
Received Prepare
Registering precompiled user dll's ...
Registered in 0.000988 seconds.
Begin MonoManager ReloadAssembly
Native extension for WindowsStandalone target not found
Refreshing native plugins compatible for Editor in 0.87 ms, found 0 plugins.
Preloading 0 native plugins for Editor in 0.00 ms.
Invoked RoslynAnalysisRunner static constructor.
RoslynAnalysisRunner will not be running.
RoslynAnalysisRunner has terminated.
Mono: successfully reloaded assembly
- Completed reload, in  1.397 seconds
Platform modules already initialized, skipping
Refreshing native plugins compatible for Editor in 0.85 ms, found 0 plugins.
Preloading 0 native plugins for Editor in 0.00 ms.
Unloading 1208 Unused Serialized files (Serialized files now loaded: 0)
System memory in use before: 92.4 MB.
System memory in use after: 92.2 MB.

Unloading 5 unused Assets to reduce memory usage. Loaded Objects now: 1790.
Total: 3.057200 ms (FindLiveObjects: 0.288500 ms CreateObjectMapping: 0.134300 ms MarkObjects: 2.184400 ms  DeleteObjects: 0.448200 ms)

========================================================================
Received Import Request.
  Time since last request: 167.061665 seconds.
  path: Assets/Prefabs/Minion.prefab
  artifactKey: Guid(9120e22f22e338249a5c81d1fbe81de3) Importer(815301076,1909f56bfc062723c751e8b465ee728b)
Start importing Assets/Prefabs/Minion.prefab using Guid(9120e22f22e338249a5c81d1fbe81de3) Importer(815301076,1909f56bfc062723c751e8b465ee728b)  -> (artifact id: 'd3b34293d77377cf99f4fd2fd933c5a6') in 0.225413 seconds
  Import took 0.231441 seconds .

========================================================================
Received Prepare
Registering precompiled user dll's ...
Registered in 0.001369 seconds.
Begin MonoManager ReloadAssembly
Native extension for WindowsStandalone target not found
Refreshing native plugins compatible for Editor in 0.53 ms, found 0 plugins.
Preloading 0 native plugins for Editor in 0.00 ms.
Invoked RoslynAnalysisRunner static constructor.
RoslynAnalysisRunner will not be running.
RoslynAnalysisRunner has terminated.
Mono: successfully reloaded assembly
- Completed reload, in  2.406 seconds
Platform modules already initialized, skipping
Refreshing native plugins compatible for Editor in 0.50 ms, found 0 plugins.
Preloading 0 native plugins for Editor in 0.00 ms.
Unloading 1208 Unused Serialized files (Serialized files now loaded: 0)
System memory in use before: 92.2 MB.
System memory in use after: 92.0 MB.

Unloading 5 unused Assets to reduce memory usage. Loaded Objects now: 1793.
Total: 2.944100 ms (FindLiveObjects: 0.254900 ms CreateObjectMapping: 0.136100 ms MarkObjects: 1.984800 ms  DeleteObjects: 0.566000 ms)

========================================================================
Received Prepare
Registering precompiled user dll's ...
Registered in 0.000920 seconds.
Begin MonoManager ReloadAssembly
Native extension for WindowsStandalone target not found
Refreshing native plugins compatible for Editor in 0.65 ms, found 0 plugins.
Preloading 0 native plugins for Editor in 0.00 ms.
Invoked RoslynAnalysisRunner static constructor.
RoslynAnalysisRunner will not be running.
RoslynAnalysisRunner has terminated.
Mono: successfully reloaded assembly
- Completed reload, in  1.485 seconds
Platform modules already initialized, skipping
Refreshing native plugins compatible for Editor in 0.66 ms, found 0 plugins.
Preloading 0 native plugins for Editor in 0.00 ms.
Unloading 1208 Unused Serialized files (Serialized files now loaded: 0)
System memory in use before: 92.4 MB.
System memory in use after: 92.2 MB.

Unloading 5 unused Assets to reduce memory usage. Loaded Objects now: 1795.
Total: 6.306500 ms (FindLiveObjects: 0.712000 ms CreateObjectMapping: 0.286300 ms MarkObjects: 4.410400 ms  DeleteObjects: 0.895600 ms)

========================================================================
Received Prepare
Registering precompiled user dll's ...
Registered in 0.000929 seconds.
Begin MonoManager ReloadAssembly
Native extension for WindowsStandalone target not found
Refreshing native plugins compatible for Editor in 0.59 ms, found 0 plugins.
Preloading 0 native plugins for Editor in 0.00 ms.
Invoked RoslynAnalysisRunner static constructor.
RoslynAnalysisRunner will not be running.
RoslynAnalysisRunner has terminated.
Mono: successfully reloaded assembly
- Completed reload, in  1.813 seconds
Platform modules already initialized, skipping
Refreshing native plugins compatible for Editor in 0.89 ms, found 0 plugins.
Preloading 0 native plugins for Editor in 0.00 ms.
Unloading 1208 Unused Serialized files (Serialized files now loaded: 0)
System memory in use before: 92.4 MB.
System memory in use after: 92.2 MB.

Unloading 5 unused Assets to reduce memory usage. Loaded Objects now: 1797.
Total: 5.798700 ms (FindLiveObjects: 0.812400 ms CreateObjectMapping: 0.291100 ms MarkObjects: 4.221200 ms  DeleteObjects: 0.469700 ms)

========================================================================
Received Prepare
Registering precompiled user dll's ...
Registered in 0.001310 seconds.
Begin MonoManager ReloadAssembly
Native extension for WindowsStandalone target not found
Refreshing native plugins compatible for Editor in 0.58 ms, found 0 plugins.
Preloading 0 native plugins for Editor in 0.00 ms.
Invoked RoslynAnalysisRunner static constructor.
RoslynAnalysisRunner will not be running.
RoslynAnalysisRunner has terminated.
Mono: successfully reloaded assembly
- Completed reload, in  1.538 seconds
Platform modules already initialized, skipping
Refreshing native plugins compatible for Editor in 0.79 ms, found 0 plugins.
Preloading 0 native plugins for Editor in 0.00 ms.
Unloading 1208 Unused Serialized files (Serialized files now loaded: 0)
System memory in use before: 92.4 MB.
System memory in use after: 92.2 MB.

Unloading 5 unused Assets to reduce memory usage. Loaded Objects now: 1799.
Total: 3.289800 ms (FindLiveObjects: 0.307500 ms CreateObjectMapping: 0.138000 ms MarkObjects: 2.277600 ms  DeleteObjects: 0.565100 ms)

========================================================================
Received Prepare
Registering precompiled user dll's ...
Registered in 0.000845 seconds.
Begin MonoManager ReloadAssembly
Native extension for WindowsStandalone target not found
Refreshing native plugins compatible for Editor in 0.76 ms, found 0 plugins.
Preloading 0 native plugins for Editor in 0.00 ms.
Invoked RoslynAnalysisRunner static constructor.
RoslynAnalysisRunner will not be running.
RoslynAnalysisRunner has terminated.
Mono: successfully reloaded assembly
- Completed reload, in  1.561 seconds
Platform modules already initialized, skipping
Refreshing native plugins compatible for Editor in 0.85 ms, found 0 plugins.
Preloading 0 native plugins for Editor in 0.00 ms.
Unloading 1208 Unused Serialized files (Serialized files now loaded: 0)
System memory in use before: 92.4 MB.
System memory in use after: 92.2 MB.

Unloading 5 unused Assets to reduce memory usage. Loaded Objects now: 1801.
Total: 5.632900 ms (FindLiveObjects: 0.726200 ms CreateObjectMapping: 0.223200 ms MarkObjects: 3.904600 ms  DeleteObjects: 0.776800 ms)

========================================================================
Received Import Request.
  Time since last request: 164.755877 seconds.
  path: ProjectSettings/TagManager.asset
  artifactKey: Guid(00000000000000003000000000000000) Importer(815301076,1909f56bfc062723c751e8b465ee728b)
Start importing ProjectSettings/TagManager.asset using Guid(00000000000000003000000000000000) Importer(815301076,1909f56bfc062723c751e8b465ee728b)  -> (artifact id: '2a276bfe1a8cbeea2c89852a4ad7a997') in 0.035851 seconds
  Import took 0.041184 seconds .

========================================================================
Received Import Request.
  Time since last request: 58.595141 seconds.
  path: Assets/BizulkaProduction/Stickman/Models/Stickman_heads_sphere.fbx
  artifactKey: Guid(fa7f36c71b9e8fa4798df3a931c2fd92) Importer(815301076,1909f56bfc062723c751e8b465ee728b)
Start importing Assets/BizulkaProduction/Stickman/Models/Stickman_heads_sphere.fbx using Guid(fa7f36c71b9e8fa4798df3a931c2fd92) Importer(815301076,1909f56bfc062723c751e8b465ee728b)  -> (artifact id: '7e460aa32d7c41a0bde79be23a77e7a3') in 0.277272 seconds
  Import took 0.282140 seconds .

========================================================================
Received Import Request.
  Time since last request: 0.008035 seconds.
  path: Assets/BizulkaProduction/Stickman/Models/Stickman_heads_sphere.fbx
  artifactKey: Guid(fa7f36c71b9e8fa4798df3a931c2fd92) Importer(815301076,1909f56bfc062723c751e8b465ee728b)
Start importing Assets/BizulkaProduction/Stickman/Models/Stickman_heads_sphere.fbx using Guid(fa7f36c71b9e8fa4798df3a931c2fd92) Importer(815301076,1909f56bfc062723c751e8b465ee728b)  -> (artifact id: '7e460aa32d7c41a0bde79be23a77e7a3') in 0.048917 seconds
  Import took 0.053554 seconds .

========================================================================
Received Prepare
Registering precompiled user dll's ...
Registered in 0.001151 seconds.
Begin MonoManager ReloadAssembly
Native extension for WindowsStandalone target not found
Refreshing native plugins compatible for Editor in 0.83 ms, found 0 plugins.
Preloading 0 native plugins for Editor in 0.00 ms.
Invoked RoslynAnalysisRunner static constructor.
RoslynAnalysisRunner will not be running.
RoslynAnalysisRunner has terminated.
Mono: successfully reloaded assembly
- Completed reload, in  2.301 seconds
Platform modules already initialized, skipping
Refreshing native plugins compatible for Editor in 1.21 ms, found 0 plugins.
Preloading 0 native plugins for Editor in 0.00 ms.
Unloading 1208 Unused Serialized files (Serialized files now loaded: 0)
System memory in use before: 92.8 MB.
System memory in use after: 92.6 MB.

Unloading 6 unused Assets to reduce memory usage. Loaded Objects now: 1840.
Total: 9.885100 ms (FindLiveObjects: 0.832300 ms CreateObjectMapping: 0.386600 ms MarkObjects: 8.123800 ms  DeleteObjects: 0.540200 ms)

========================================================================
Received Prepare
Registering precompiled user dll's ...
Registered in 0.001738 seconds.
Begin MonoManager ReloadAssembly
Native extension for WindowsStandalone target not found
Refreshing native plugins compatible for Editor in 0.71 ms, found 0 plugins.
Preloading 0 native plugins for Editor in 0.00 ms.
Invoked RoslynAnalysisRunner static constructor.
RoslynAnalysisRunner will not be running.
RoslynAnalysisRunner has terminated.
Mono: successfully reloaded assembly
- Completed reload, in  1.204 seconds
Platform modules already initialized, skipping
Refreshing native plugins compatible for Editor in 0.51 ms, found 0 plugins.
Preloading 0 native plugins for Editor in 0.00 ms.
Unloading 1208 Unused Serialized files (Serialized files now loaded: 0)
System memory in use before: 92.8 MB.
System memory in use after: 92.6 MB.

Unloading 5 unused Assets to reduce memory usage. Loaded Objects now: 1842.
Total: 3.959800 ms (FindLiveObjects: 0.463100 ms CreateObjectMapping: 0.167200 ms MarkObjects: 2.911300 ms  DeleteObjects: 0.416000 ms)

========================================================================
Received Prepare
Registering precompiled user dll's ...
Registered in 0.000873 seconds.
Begin MonoManager ReloadAssembly
Native extension for WindowsStandalone target not found
Refreshing native plugins compatible for Editor in 0.74 ms, found 0 plugins.
Preloading 0 native plugins for Editor in 0.00 ms.
Invoked RoslynAnalysisRunner static constructor.
RoslynAnalysisRunner will not be running.
RoslynAnalysisRunner has terminated.
Mono: successfully reloaded assembly
- Completed reload, in  1.321 seconds
Platform modules already initialized, skipping
Refreshing native plugins compatible for Editor in 0.52 ms, found 0 plugins.
Preloading 0 native plugins for Editor in 0.00 ms.
Unloading 1208 Unused Serialized files (Serialized files now loaded: 0)
System memory in use before: 92.8 MB.
System memory in use after: 92.6 MB.

Unloading 5 unused Assets to reduce memory usage. Loaded Objects now: 1844.
Total: 3.340200 ms (FindLiveObjects: 0.429400 ms CreateObjectMapping: 0.125000 ms MarkObjects: 2.339800 ms  DeleteObjects: 0.443600 ms)

========================================================================
Received Prepare
Registering precompiled user dll's ...
Registered in 0.001517 seconds.
Begin MonoManager ReloadAssembly
Native extension for WindowsStandalone target not found
Refreshing native plugins compatible for Editor in 0.73 ms, found 0 plugins.
Preloading 0 native plugins for Editor in 0.00 ms.
Invoked RoslynAnalysisRunner static constructor.
RoslynAnalysisRunner will not be running.
RoslynAnalysisRunner has terminated.
Mono: successfully reloaded assembly
- Completed reload, in  1.250 seconds
Platform modules already initialized, skipping
Refreshing native plugins compatible for Editor in 0.77 ms, found 0 plugins.
Preloading 0 native plugins for Editor in 0.00 ms.
Unloading 1208 Unused Serialized files (Serialized files now loaded: 0)
System memory in use before: 92.8 MB.
System memory in use after: 92.6 MB.

Unloading 5 unused Assets to reduce memory usage. Loaded Objects now: 1846.
Total: 4.234700 ms (FindLiveObjects: 0.380000 ms CreateObjectMapping: 0.101000 ms MarkObjects: 3.132400 ms  DeleteObjects: 0.617900 ms)

========================================================================
Received Prepare
Registering precompiled user dll's ...
Registered in 0.000965 seconds.
Begin MonoManager ReloadAssembly
Native extension for WindowsStandalone target not found
Refreshing native plugins compatible for Editor in 0.49 ms, found 0 plugins.
Preloading 0 native plugins for Editor in 0.00 ms.
Invoked RoslynAnalysisRunner static constructor.
RoslynAnalysisRunner will not be running.
RoslynAnalysisRunner has terminated.
Mono: successfully reloaded assembly
- Completed reload, in  1.226 seconds
Platform modules already initialized, skipping
Refreshing native plugins compatible for Editor in 0.80 ms, found 0 plugins.
Preloading 0 native plugins for Editor in 0.00 ms.
Unloading 1208 Unused Serialized files (Serialized files now loaded: 0)
System memory in use before: 92.8 MB.
System memory in use after: 92.6 MB.

Unloading 5 unused Assets to reduce memory usage. Loaded Objects now: 1848.
Total: 3.393600 ms (FindLiveObjects: 0.493300 ms CreateObjectMapping: 0.181100 ms MarkObjects: 2.157900 ms  DeleteObjects: 0.558800 ms)

========================================================================
Received Prepare
Registering precompiled user dll's ...
Registered in 0.001102 seconds.
Begin MonoManager ReloadAssembly
Native extension for WindowsStandalone target not found
Refreshing native plugins compatible for Editor in 0.78 ms, found 0 plugins.
Preloading 0 native plugins for Editor in 0.00 ms.
Invoked RoslynAnalysisRunner static constructor.
RoslynAnalysisRunner will not be running.
RoslynAnalysisRunner has terminated.
Mono: successfully reloaded assembly
- Completed reload, in  1.270 seconds
Platform modules already initialized, skipping
Refreshing native plugins compatible for Editor in 0.55 ms, found 0 plugins.
Preloading 0 native plugins for Editor in 0.00 ms.
Unloading 1208 Unused Serialized files (Serialized files now loaded: 0)
System memory in use before: 92.8 MB.
System memory in use after: 92.6 MB.

Unloading 5 unused Assets to reduce memory usage. Loaded Objects now: 1850.
Total: 2.882200 ms (FindLiveObjects: 0.276700 ms CreateObjectMapping: 0.140000 ms MarkObjects: 2.035900 ms  DeleteObjects: 0.427300 ms)

========================================================================
Received Prepare
Registering precompiled user dll's ...
Registered in 0.000974 seconds.
Begin MonoManager ReloadAssembly
Native extension for WindowsStandalone target not found
Refreshing native plugins compatible for Editor in 0.88 ms, found 0 plugins.
Preloading 0 native plugins for Editor in 0.00 ms.
Invoked RoslynAnalysisRunner static constructor.
RoslynAnalysisRunner will not be running.
RoslynAnalysisRunner has terminated.
Mono: successfully reloaded assembly
- Completed reload, in  2.061 seconds
Platform modules already initialized, skipping
Refreshing native plugins compatible for Editor in 0.49 ms, found 0 plugins.
Preloading 0 native plugins for Editor in 0.00 ms.
Unloading 1208 Unused Serialized files (Serialized files now loaded: 0)
System memory in use before: 92.8 MB.
System memory in use after: 92.6 MB.

Unloading 5 unused Assets to reduce memory usage. Loaded Objects now: 1852.
Total: 2.831700 ms (FindLiveObjects: 0.347200 ms CreateObjectMapping: 0.136800 ms MarkObjects: 1.949700 ms  DeleteObjects: 0.394700 ms)

========================================================================
Received Prepare
Registering precompiled user dll's ...
Registered in 0.000990 seconds.
Begin MonoManager ReloadAssembly
Native extension for WindowsStandalone target not found
Refreshing native plugins compatible for Editor in 0.50 ms, found 0 plugins.
Preloading 0 native plugins for Editor in 0.00 ms.
Invoked RoslynAnalysisRunner static constructor.
RoslynAnalysisRunner will not be running.
RoslynAnalysisRunner has terminated.
Mono: successfully reloaded assembly
- Completed reload, in  1.864 seconds
Platform modules already initialized, skipping
Refreshing native plugins compatible for Editor in 0.49 ms, found 0 plugins.
Preloading 0 native plugins for Editor in 0.00 ms.
Unloading 1208 Unused Serialized files (Serialized files now loaded: 0)
System memory in use before: 92.8 MB.
System memory in use after: 92.6 MB.

Unloading 5 unused Assets to reduce memory usage. Loaded Objects now: 1854.
Total: 2.926200 ms (FindLiveObjects: 0.289600 ms CreateObjectMapping: 0.145200 ms MarkObjects: 2.044400 ms  DeleteObjects: 0.445300 ms)

========================================================================
Received Prepare
Registering precompiled user dll's ...
Registered in 0.000909 seconds.
Begin MonoManager ReloadAssembly
Native extension for WindowsStandalone target not found
Refreshing native plugins compatible for Editor in 0.60 ms, found 0 plugins.
Preloading 0 native plugins for Editor in 0.00 ms.
Invoked RoslynAnalysisRunner static constructor.
RoslynAnalysisRunner will not be running.
RoslynAnalysisRunner has terminated.
Mono: successfully reloaded assembly
- Completed reload, in  1.334 seconds
Platform modules already initialized, skipping
Refreshing native plugins compatible for Editor in 0.77 ms, found 0 plugins.
Preloading 0 native plugins for Editor in 0.00 ms.
Unloading 1208 Unused Serialized files (Serialized files now loaded: 0)
System memory in use before: 92.8 MB.
System memory in use after: 92.6 MB.

Unloading 5 unused Assets to reduce memory usage. Loaded Objects now: 1856.
Total: 3.410000 ms (FindLiveObjects: 0.474700 ms CreateObjectMapping: 0.143400 ms MarkObjects: 2.325600 ms  DeleteObjects: 0.464300 ms)

========================================================================
Received Prepare
Registering precompiled user dll's ...
Registered in 0.001250 seconds.
Begin MonoManager ReloadAssembly
Native extension for WindowsStandalone target not found
Refreshing native plugins compatible for Editor in 0.81 ms, found 0 plugins.
Preloading 0 native plugins for Editor in 0.00 ms.
Invoked RoslynAnalysisRunner static constructor.
RoslynAnalysisRunner will not be running.
RoslynAnalysisRunner has terminated.
Mono: successfully reloaded assembly
- Completed reload, in  1.455 seconds
Platform modules already initialized, skipping
Refreshing native plugins compatible for Editor in 0.83 ms, found 0 plugins.
Preloading 0 native plugins for Editor in 0.00 ms.
Unloading 1208 Unused Serialized files (Serialized files now loaded: 0)
System memory in use before: 92.8 MB.
System memory in use after: 92.6 MB.

Unloading 5 unused Assets to reduce memory usage. Loaded Objects now: 1858.
Total: 5.241300 ms (FindLiveObjects: 0.723400 ms CreateObjectMapping: 0.258900 ms MarkObjects: 3.687100 ms  DeleteObjects: 0.567000 ms)

========================================================================
Received Prepare
Registering precompiled user dll's ...
Registered in 0.000928 seconds.
Begin MonoManager ReloadAssembly
Native extension for WindowsStandalone target not found
Refreshing native plugins compatible for Editor in 0.50 ms, found 0 plugins.
Preloading 0 native plugins for Editor in 0.00 ms.
Invoked RoslynAnalysisRunner static constructor.
RoslynAnalysisRunner will not be running.
RoslynAnalysisRunner has terminated.
Mono: successfully reloaded assembly
- Completed reload, in  1.251 seconds
Platform modules already initialized, skipping
Refreshing native plugins compatible for Editor in 0.76 ms, found 0 plugins.
Preloading 0 native plugins for Editor in 0.00 ms.
Unloading 1208 Unused Serialized files (Serialized files now loaded: 0)
System memory in use before: 92.8 MB.
System memory in use after: 92.6 MB.

Unloading 5 unused Assets to reduce memory usage. Loaded Objects now: 1860.
Total: 3.308600 ms (FindLiveObjects: 0.606000 ms CreateObjectMapping: 0.176200 ms MarkObjects: 2.098900 ms  DeleteObjects: 0.424900 ms)

========================================================================
Received Prepare
Registering precompiled user dll's ...
Registered in 0.001211 seconds.
Begin MonoManager ReloadAssembly
Native extension for WindowsStandalone target not found
Refreshing native plugins compatible for Editor in 0.51 ms, found 0 plugins.
Preloading 0 native plugins for Editor in 0.00 ms.
Invoked RoslynAnalysisRunner static constructor.
RoslynAnalysisRunner will not be running.
RoslynAnalysisRunner has terminated.
Mono: successfully reloaded assembly
- Completed reload, in  1.065 seconds
Platform modules already initialized, skipping
Refreshing native plugins compatible for Editor in 0.51 ms, found 0 plugins.
Preloading 0 native plugins for Editor in 0.00 ms.
Unloading 1208 Unused Serialized files (Serialized files now loaded: 0)
System memory in use before: 92.8 MB.
System memory in use after: 92.7 MB.

Unloading 5 unused Assets to reduce memory usage. Loaded Objects now: 1862.
Total: 3.233700 ms (FindLiveObjects: 0.446600 ms CreateObjectMapping: 0.166500 ms MarkObjects: 2.174200 ms  DeleteObjects: 0.444500 ms)

========================================================================
Received Prepare
Registering precompiled user dll's ...
Registered in 0.001930 seconds.
Begin MonoManager ReloadAssembly
Native extension for WindowsStandalone target not found
Refreshing native plugins compatible for Editor in 0.57 ms, found 0 plugins.
Preloading 0 native plugins for Editor in 0.00 ms.
Invoked RoslynAnalysisRunner static constructor.
RoslynAnalysisRunner will not be running.
RoslynAnalysisRunner has terminated.
Mono: successfully reloaded assembly
- Completed reload, in  1.403 seconds
Platform modules already initialized, skipping
Refreshing native plugins compatible for Editor in 0.73 ms, found 0 plugins.
Preloading 0 native plugins for Editor in 0.00 ms.
Unloading 1208 Unused Serialized files (Serialized files now loaded: 0)
System memory in use before: 92.9 MB.
System memory in use after: 92.7 MB.

Unloading 5 unused Assets to reduce memory usage. Loaded Objects now: 1864.
Total: 4.771100 ms (FindLiveObjects: 0.308800 ms CreateObjectMapping: 0.068700 ms MarkObjects: 3.518400 ms  DeleteObjects: 0.870000 ms)

========================================================================
Received Prepare
Registering precompiled user dll's ...
Registered in 0.001006 seconds.
Begin MonoManager ReloadAssembly
Native extension for WindowsStandalone target not found
Refreshing native plugins compatible for Editor in 0.71 ms, found 0 plugins.
Preloading 0 native plugins for Editor in 0.00 ms.
Invoked RoslynAnalysisRunner static constructor.
RoslynAnalysisRunner will not be running.
RoslynAnalysisRunner has terminated.
Mono: successfully reloaded assembly
- Completed reload, in  1.312 seconds
Platform modules already initialized, skipping
Refreshing native plugins compatible for Editor in 0.76 ms, found 0 plugins.
Preloading 0 native plugins for Editor in 0.00 ms.
Unloading 1208 Unused Serialized files (Serialized files now loaded: 0)
System memory in use before: 92.9 MB.
System memory in use after: 92.7 MB.

Unloading 5 unused Assets to reduce memory usage. Loaded Objects now: 1866.
Total: 3.009600 ms (FindLiveObjects: 0.304300 ms CreateObjectMapping: 0.149500 ms MarkObjects: 2.116200 ms  DeleteObjects: 0.437200 ms)

========================================================================
Received Import Request.
  Time since last request: 588.948713 seconds.
  path: Assets/Prefabs/Minion.prefab
  artifactKey: Guid(9120e22f22e338249a5c81d1fbe81de3) Importer(815301076,1909f56bfc062723c751e8b465ee728b)
Start importing Assets/Prefabs/Minion.prefab using Guid(9120e22f22e338249a5c81d1fbe81de3) Importer(815301076,1909f56bfc062723c751e8b465ee728b)  -> (artifact id: '586aa5e42605e1ab60944be3fb9f89b3') in 0.282460 seconds
  Import took 0.294641 seconds .

========================================================================
Received Import Request.
  Time since last request: 1.559821 seconds.
  path: Assets/Prefabs/Minion.prefab
  artifactKey: Guid(9120e22f22e338249a5c81d1fbe81de3) Importer(815301076,1909f56bfc062723c751e8b465ee728b)
Start importing Assets/Prefabs/Minion.prefab using Guid(9120e22f22e338249a5c81d1fbe81de3) Importer(815301076,1909f56bfc062723c751e8b465ee728b)  -> (artifact id: '586aa5e42605e1ab60944be3fb9f89b3') in 0.065107 seconds
  Import took 0.070614 seconds .

========================================================================
Received Prepare
Registering precompiled user dll's ...
Registered in 0.000954 seconds.
Begin MonoManager ReloadAssembly
Native extension for WindowsStandalone target not found
Refreshing native plugins compatible for Editor in 0.72 ms, found 0 plugins.
Preloading 0 native plugins for Editor in 0.00 ms.
Invoked RoslynAnalysisRunner static constructor.
RoslynAnalysisRunner will not be running.
RoslynAnalysisRunner has terminated.
Mono: successfully reloaded assembly
- Completed reload, in  1.640 seconds
Platform modules already initialized, skipping
Refreshing native plugins compatible for Editor in 0.52 ms, found 0 plugins.
Preloading 0 native plugins for Editor in 0.00 ms.
Unloading 1208 Unused Serialized files (Serialized files now loaded: 0)
System memory in use before: 92.8 MB.
System memory in use after: 92.6 MB.

Unloading 5 unused Assets to reduce memory usage. Loaded Objects now: 1869.
Total: 2.831500 ms (FindLiveObjects: 0.248500 ms CreateObjectMapping: 0.124900 ms MarkObjects: 2.026900 ms  DeleteObjects: 0.429500 ms)

========================================================================
Received Prepare
Registering precompiled user dll's ...
Registered in 0.001381 seconds.
Begin MonoManager ReloadAssembly
Native extension for WindowsStandalone target not found
Refreshing native plugins compatible for Editor in 0.48 ms, found 0 plugins.
Preloading 0 native plugins for Editor in 0.00 ms.
Invoked RoslynAnalysisRunner static constructor.
RoslynAnalysisRunner will not be running.
RoslynAnalysisRunner has terminated.
Mono: successfully reloaded assembly
- Completed reload, in  1.262 seconds
Platform modules already initialized, skipping
Refreshing native plugins compatible for Editor in 0.63 ms, found 0 plugins.
Preloading 0 native plugins for Editor in 0.00 ms.
Unloading 1208 Unused Serialized files (Serialized files now loaded: 0)
System memory in use before: 92.9 MB.
System memory in use after: 92.7 MB.

Unloading 5 unused Assets to reduce memory usage. Loaded Objects now: 1871.
Total: 6.850400 ms (FindLiveObjects: 0.842500 ms CreateObjectMapping: 0.216100 ms MarkObjects: 4.973500 ms  DeleteObjects: 0.815600 ms)

========================================================================
Received Prepare
Registering precompiled user dll's ...
Registered in 0.014299 seconds.
Begin MonoManager ReloadAssembly
Native extension for WindowsStandalone target not found
Refreshing native plugins compatible for Editor in 0.82 ms, found 0 plugins.
Preloading 0 native plugins for Editor in 0.00 ms.
Invoked RoslynAnalysisRunner static constructor.
RoslynAnalysisRunner will not be running.
RoslynAnalysisRunner has terminated.
Mono: successfully reloaded assembly
- Completed reload, in  2.789 seconds
Platform modules already initialized, skipping
Refreshing native plugins compatible for Editor in 0.74 ms, found 0 plugins.
Preloading 0 native plugins for Editor in 0.00 ms.
Unloading 1208 Unused Serialized files (Serialized files now loaded: 0)
System memory in use before: 92.9 MB.
System memory in use after: 92.7 MB.

Unloading 5 unused Assets to reduce memory usage. Loaded Objects now: 1873.
Total: 3.439000 ms (FindLiveObjects: 0.537000 ms CreateObjectMapping: 0.154400 ms MarkObjects: 2.282900 ms  DeleteObjects: 0.462300 ms)

========================================================================
Received Prepare
Registering precompiled user dll's ...
Registered in 0.000921 seconds.
Begin MonoManager ReloadAssembly
Native extension for WindowsStandalone target not found
Refreshing native plugins compatible for Editor in 0.59 ms, found 0 plugins.
Preloading 0 native plugins for Editor in 0.00 ms.
Invoked RoslynAnalysisRunner static constructor.
RoslynAnalysisRunner will not be running.
RoslynAnalysisRunner has terminated.
Mono: successfully reloaded assembly
- Completed reload, in  1.667 seconds
Platform modules already initialized, skipping
Refreshing native plugins compatible for Editor in 0.86 ms, found 0 plugins.
Preloading 0 native plugins for Editor in 0.00 ms.
Unloading 1208 Unused Serialized files (Serialized files now loaded: 0)
System memory in use before: 92.9 MB.
System memory in use after: 92.7 MB.

Unloading 5 unused Assets to reduce memory usage. Loaded Objects now: 1875.
Total: 7.344000 ms (FindLiveObjects: 1.246100 ms CreateObjectMapping: 0.254100 ms MarkObjects: 4.592900 ms  DeleteObjects: 1.248100 ms)

========================================================================
Received Prepare
Registering precompiled user dll's ...
Registered in 0.000935 seconds.
Begin MonoManager ReloadAssembly
Native extension for WindowsStandalone target not found
Refreshing native plugins compatible for Editor in 0.59 ms, found 0 plugins.
Preloading 0 native plugins for Editor in 0.00 ms.
Invoked RoslynAnalysisRunner static constructor.
RoslynAnalysisRunner will not be running.
RoslynAnalysisRunner has terminated.
Mono: successfully reloaded assembly
- Completed reload, in  1.382 seconds
Platform modules already initialized, skipping
Refreshing native plugins compatible for Editor in 0.83 ms, found 0 plugins.
Preloading 0 native plugins for Editor in 0.00 ms.
Unloading 1208 Unused Serialized files (Serialized files now loaded: 0)
System memory in use before: 92.9 MB.
System memory in use after: 92.7 MB.

Unloading 5 unused Assets to reduce memory usage. Loaded Objects now: 1877.
Total: 4.133200 ms (FindLiveObjects: 0.436600 ms CreateObjectMapping: 0.165400 ms MarkObjects: 2.936500 ms  DeleteObjects: 0.592500 ms)

========================================================================
Received Prepare
Registering precompiled user dll's ...
Registered in 0.001551 seconds.
Begin MonoManager ReloadAssembly
Native extension for WindowsStandalone target not found
Refreshing native plugins compatible for Editor in 0.83 ms, found 0 plugins.
Preloading 0 native plugins for Editor in 0.00 ms.
Invoked RoslynAnalysisRunner static constructor.
RoslynAnalysisRunner will not be running.
RoslynAnalysisRunner has terminated.
Mono: successfully reloaded assembly
- Completed reload, in  1.814 seconds
Platform modules already initialized, skipping
Refreshing native plugins compatible for Editor in 0.86 ms, found 0 plugins.
Preloading 0 native plugins for Editor in 0.00 ms.
Unloading 1208 Unused Serialized files (Serialized files now loaded: 0)
System memory in use before: 92.8 MB.
System memory in use after: 92.6 MB.

Unloading 5 unused Assets to reduce memory usage. Loaded Objects now: 1879.
Total: 5.207300 ms (FindLiveObjects: 0.644900 ms CreateObjectMapping: 0.270000 ms MarkObjects: 3.722800 ms  DeleteObjects: 0.567800 ms)

========================================================================
Received Prepare
Registering precompiled user dll's ...
Registered in 0.000923 seconds.
Begin MonoManager ReloadAssembly
Native extension for WindowsStandalone target not found
Refreshing native plugins compatible for Editor in 0.59 ms, found 0 plugins.
Preloading 0 native plugins for Editor in 0.00 ms.
Invoked RoslynAnalysisRunner static constructor.
RoslynAnalysisRunner will not be running.
RoslynAnalysisRunner has terminated.
Mono: successfully reloaded assembly
- Completed reload, in  1.554 seconds
Platform modules already initialized, skipping
Refreshing native plugins compatible for Editor in 0.86 ms, found 0 plugins.
Preloading 0 native plugins for Editor in 0.00 ms.
Unloading 1208 Unused Serialized files (Serialized files now loaded: 0)
System memory in use before: 92.9 MB.
System memory in use after: 92.7 MB.

Unloading 5 unused Assets to reduce memory usage. Loaded Objects now: 1881.
Total: 5.747300 ms (FindLiveObjects: 0.735900 ms CreateObjectMapping: 0.305400 ms MarkObjects: 4.106300 ms  DeleteObjects: 0.597600 ms)

========================================================================
Received Prepare
Registering precompiled user dll's ...
Registered in 0.000933 seconds.
Begin MonoManager ReloadAssembly
Native extension for WindowsStandalone target not found
Refreshing native plugins compatible for Editor in 0.60 ms, found 0 plugins.
Preloading 0 native plugins for Editor in 0.00 ms.
Invoked RoslynAnalysisRunner static constructor.
RoslynAnalysisRunner will not be running.
RoslynAnalysisRunner has terminated.
Mono: successfully reloaded assembly
- Completed reload, in  1.377 seconds
Platform modules already initialized, skipping
Refreshing native plugins compatible for Editor in 0.65 ms, found 0 plugins.
Preloading 0 native plugins for Editor in 0.00 ms.
Unloading 1208 Unused Serialized files (Serialized files now loaded: 0)
System memory in use before: 92.9 MB.
System memory in use after: 92.7 MB.

Unloading 5 unused Assets to reduce memory usage. Loaded Objects now: 1883.
Total: 3.369300 ms (FindLiveObjects: 0.329800 ms CreateObjectMapping: 0.217900 ms MarkObjects: 2.323100 ms  DeleteObjects: 0.496200 ms)

========================================================================
Received Prepare
Registering precompiled user dll's ...
Registered in 0.001194 seconds.
Begin MonoManager ReloadAssembly
Native extension for WindowsStandalone target not found
Refreshing native plugins compatible for Editor in 0.97 ms, found 0 plugins.
Preloading 0 native plugins for Editor in 0.00 ms.
Invoked RoslynAnalysisRunner static constructor.
RoslynAnalysisRunner will not be running.
RoslynAnalysisRunner has terminated.
Mono: successfully reloaded assembly
- Completed reload, in  2.249 seconds
Platform modules already initialized, skipping
Refreshing native plugins compatible for Editor in 0.80 ms, found 0 plugins.
Preloading 0 native plugins for Editor in 0.00 ms.
Unloading 1208 Unused Serialized files (Serialized files now loaded: 0)
System memory in use before: 92.9 MB.
System memory in use after: 92.7 MB.

Unloading 5 unused Assets to reduce memory usage. Loaded Objects now: 1885.
Total: 39.272900 ms (FindLiveObjects: 3.450300 ms CreateObjectMapping: 0.865000 ms MarkObjects: 33.953000 ms  DeleteObjects: 1.001200 ms)

========================================================================
Received Prepare
Registering precompiled user dll's ...
Registered in 0.001311 seconds.
Begin MonoManager ReloadAssembly
Native extension for WindowsStandalone target not found
Refreshing native plugins compatible for Editor in 0.58 ms, found 0 plugins.
Preloading 0 native plugins for Editor in 0.00 ms.
Invoked RoslynAnalysisRunner static constructor.
RoslynAnalysisRunner will not be running.
RoslynAnalysisRunner has terminated.
Mono: successfully reloaded assembly
- Completed reload, in  1.383 seconds
Platform modules already initialized, skipping
Refreshing native plugins compatible for Editor in 0.65 ms, found 0 plugins.
Preloading 0 native plugins for Editor in 0.00 ms.
Unloading 1208 Unused Serialized files (Serialized files now loaded: 0)
System memory in use before: 92.9 MB.
System memory in use after: 92.7 MB.

Unloading 5 unused Assets to reduce memory usage. Loaded Objects now: 1887.
Total: 3.181800 ms (FindLiveObjects: 0.322300 ms CreateObjectMapping: 0.140300 ms MarkObjects: 2.253900 ms  DeleteObjects: 0.463000 ms)

========================================================================
Received Prepare
Registering precompiled user dll's ...
Registered in 0.000927 seconds.
Begin MonoManager ReloadAssembly
Native extension for WindowsStandalone target not found
Refreshing native plugins compatible for Editor in 0.59 ms, found 0 plugins.
Preloading 0 native plugins for Editor in 0.00 ms.
Invoked RoslynAnalysisRunner static constructor.
RoslynAnalysisRunner will not be running.
RoslynAnalysisRunner has terminated.
Mono: successfully reloaded assembly
- Completed reload, in  1.353 seconds
Platform modules already initialized, skipping
Refreshing native plugins compatible for Editor in 0.83 ms, found 0 plugins.
Preloading 0 native plugins for Editor in 0.00 ms.
Unloading 1208 Unused Serialized files (Serialized files now loaded: 0)
System memory in use before: 92.8 MB.
System memory in use after: 92.6 MB.

Unloading 5 unused Assets to reduce memory usage. Loaded Objects now: 1889.
Total: 6.738000 ms (FindLiveObjects: 0.713200 ms CreateObjectMapping: 0.361700 ms MarkObjects: 4.752400 ms  DeleteObjects: 0.908100 ms)

========================================================================
Received Prepare
Registering precompiled user dll's ...
Registered in 0.000926 seconds.
Begin MonoManager ReloadAssembly
Native extension for WindowsStandalone target not found
Refreshing native plugins compatible for Editor in 0.50 ms, found 0 plugins.
Preloading 0 native plugins for Editor in 0.00 ms.
Invoked RoslynAnalysisRunner static constructor.
RoslynAnalysisRunner will not be running.
RoslynAnalysisRunner has terminated.
Mono: successfully reloaded assembly
- Completed reload, in  2.258 seconds
Platform modules already initialized, skipping
Refreshing native plugins compatible for Editor in 0.82 ms, found 0 plugins.
Preloading 0 native plugins for Editor in 0.00 ms.
Unloading 1208 Unused Serialized files (Serialized files now loaded: 0)
System memory in use before: 92.9 MB.
System memory in use after: 92.7 MB.

Unloading 5 unused Assets to reduce memory usage. Loaded Objects now: 1891.
Total: 4.296000 ms (FindLiveObjects: 0.366400 ms CreateObjectMapping: 0.089500 ms MarkObjects: 3.256300 ms  DeleteObjects: 0.580800 ms)

========================================================================
Received Prepare
Registering precompiled user dll's ...
Registered in 0.000919 seconds.
Begin MonoManager ReloadAssembly
Native extension for WindowsStandalone target not found
Refreshing native plugins compatible for Editor in 0.59 ms, found 0 plugins.
Preloading 0 native plugins for Editor in 0.00 ms.
Invoked RoslynAnalysisRunner static constructor.
RoslynAnalysisRunner will not be running.
RoslynAnalysisRunner has terminated.
Mono: successfully reloaded assembly
- Completed reload, in  1.362 seconds
Platform modules already initialized, skipping
Refreshing native plugins compatible for Editor in 0.76 ms, found 0 plugins.
Preloading 0 native plugins for Editor in 0.00 ms.
Unloading 1208 Unused Serialized files (Serialized files now loaded: 0)
System memory in use before: 92.9 MB.
System memory in use after: 92.7 MB.

Unloading 5 unused Assets to reduce memory usage. Loaded Objects now: 1893.
Total: 5.685400 ms (FindLiveObjects: 0.544800 ms CreateObjectMapping: 0.257900 ms MarkObjects: 4.329100 ms  DeleteObjects: 0.551600 ms)

========================================================================
Received Prepare
Registering precompiled user dll's ...
Registered in 0.001226 seconds.
Begin MonoManager ReloadAssembly
Native extension for WindowsStandalone target not found
Refreshing native plugins compatible for Editor in 1.14 ms, found 0 plugins.
Preloading 0 native plugins for Editor in 0.00 ms.
Invoked RoslynAnalysisRunner static constructor.
RoslynAnalysisRunner will not be running.
RoslynAnalysisRunner has terminated.
Mono: successfully reloaded assembly
- Completed reload, in  1.504 seconds
Platform modules already initialized, skipping
Refreshing native plugins compatible for Editor in 0.84 ms, found 0 plugins.
Preloading 0 native plugins for Editor in 0.00 ms.
Unloading 1208 Unused Serialized files (Serialized files now loaded: 0)
System memory in use before: 92.9 MB.
System memory in use after: 92.8 MB.

Unloading 5 unused Assets to reduce memory usage. Loaded Objects now: 1895.
Total: 3.849300 ms (FindLiveObjects: 0.693500 ms CreateObjectMapping: 0.160900 ms MarkObjects: 2.487700 ms  DeleteObjects: 0.505200 ms)

========================================================================
Received Prepare
Registering precompiled user dll's ...
Registered in 0.000966 seconds.
Begin MonoManager ReloadAssembly
Native extension for WindowsStandalone target not found
Refreshing native plugins compatible for Editor in 0.59 ms, found 0 plugins.
Preloading 0 native plugins for Editor in 0.00 ms.
Invoked RoslynAnalysisRunner static constructor.
RoslynAnalysisRunner will not be running.
RoslynAnalysisRunner has terminated.
Mono: successfully reloaded assembly
- Completed reload, in  1.407 seconds
Platform modules already initialized, skipping
Refreshing native plugins compatible for Editor in 0.66 ms, found 0 plugins.
Preloading 0 native plugins for Editor in 0.00 ms.
Unloading 1208 Unused Serialized files (Serialized files now loaded: 0)
System memory in use before: 92.9 MB.
System memory in use after: 92.8 MB.

Unloading 5 unused Assets to reduce memory usage. Loaded Objects now: 1897.
Total: 5.744200 ms (FindLiveObjects: 1.231300 ms CreateObjectMapping: 0.210900 ms MarkObjects: 3.780300 ms  DeleteObjects: 0.461700 ms)

========================================================================
Received Prepare
Registering precompiled user dll's ...
Registered in 0.002566 seconds.
Begin MonoManager ReloadAssembly
Native extension for WindowsStandalone target not found
Refreshing native plugins compatible for Editor in 0.49 ms, found 0 plugins.
Preloading 0 native plugins for Editor in 0.00 ms.
Invoked RoslynAnalysisRunner static constructor.
RoslynAnalysisRunner will not be running.
RoslynAnalysisRunner has terminated.
Mono: successfully reloaded assembly
- Completed reload, in  1.311 seconds
Platform modules already initialized, skipping
Refreshing native plugins compatible for Editor in 0.82 ms, found 0 plugins.
Preloading 0 native plugins for Editor in 0.00 ms.
Unloading 1208 Unused Serialized files (Serialized files now loaded: 0)
System memory in use before: 92.8 MB.
System memory in use after: 92.6 MB.

Unloading 5 unused Assets to reduce memory usage. Loaded Objects now: 1899.
Total: 4.046200 ms (FindLiveObjects: 0.450800 ms CreateObjectMapping: 0.164000 ms MarkObjects: 2.979600 ms  DeleteObjects: 0.448800 ms)

========================================================================
Received Prepare
Registering precompiled user dll's ...
Registered in 0.001376 seconds.
Begin MonoManager ReloadAssembly
Native extension for WindowsStandalone target not found
Refreshing native plugins compatible for Editor in 0.64 ms, found 0 plugins.
Preloading 0 native plugins for Editor in 0.00 ms.
Invoked RoslynAnalysisRunner static constructor.
RoslynAnalysisRunner will not be running.
RoslynAnalysisRunner has terminated.
Mono: successfully reloaded assembly
- Completed reload, in  1.588 seconds
Platform modules already initialized, skipping
Refreshing native plugins compatible for Editor in 0.78 ms, found 0 plugins.
Preloading 0 native plugins for Editor in 0.00 ms.
Unloading 1208 Unused Serialized files (Serialized files now loaded: 0)
System memory in use before: 93.0 MB.
System memory in use after: 92.8 MB.

Unloading 5 unused Assets to reduce memory usage. Loaded Objects now: 1901.
Total: 6.403100 ms (FindLiveObjects: 0.626900 ms CreateObjectMapping: 0.220800 ms MarkObjects: 4.587200 ms  DeleteObjects: 0.939300 ms)

========================================================================
Received Prepare
Registering precompiled user dll's ...
Registered in 0.001146 seconds.
Begin MonoManager ReloadAssembly
Native extension for WindowsStandalone target not found
Refreshing native plugins compatible for Editor in 0.48 ms, found 0 plugins.
Preloading 0 native plugins for Editor in 0.00 ms.
Invoked RoslynAnalysisRunner static constructor.
RoslynAnalysisRunner will not be running.
RoslynAnalysisRunner has terminated.
Mono: successfully reloaded assembly
- Completed reload, in  1.140 seconds
Platform modules already initialized, skipping
Refreshing native plugins compatible for Editor in 0.49 ms, found 0 plugins.
Preloading 0 native plugins for Editor in 0.00 ms.
Unloading 1208 Unused Serialized files (Serialized files now loaded: 0)
System memory in use before: 93.0 MB.
System memory in use after: 92.8 MB.

Unloading 5 unused Assets to reduce memory usage. Loaded Objects now: 1903.
Total: 2.872800 ms (FindLiveObjects: 0.267800 ms CreateObjectMapping: 0.126900 ms MarkObjects: 2.058500 ms  DeleteObjects: 0.417700 ms)

AssetImportWorkerClient::OnTransportError - code=2 error=End of file
