Using pre-set license
Built from '2020.2/release' branch; Version is '2020.2.1f1 (270dd8c3da1c) revision 2559448'; Using compiler version '192528614'; Build Type 'Release'
OS: 'Windows 10  (10.0.0) 64bit' Language: 'ru' Physical Memory: 8140 MB
BatchMode: 1, IsHumanControllingUs: 0, StartBugReporterOnCrash: 0, Is64bit: 1, IsPro: 0

 COMMAND LINE ARGUMENTS:
E:\UnityVersions\2020.2.1f1\Editor\Unity.exe
-adb2
-batchMode
-noUpm
-name
AssetImportWorker1
-projectPath
E:/Unity/WordIsland
-logFile
Logs/AssetImportWorker1.log
-srvPort
53061
Successfully changed project path to: E:/Unity/WordIsland
E:/Unity/WordIsland
Using Asset Import Pipeline V2.
Refreshing native plugins compatible for Editor in 73.54 ms, found 0 plugins.
Preloading 0 native plugins for Editor in 0.00 ms.
Initialize engine version: 2020.2.1f1 (270dd8c3da1c)
[Subsystems] Discovering subsystems at path E:/UnityVersions/2020.2.1f1/Editor/Data/Resources/UnitySubsystems
[Subsystems] Discovering subsystems at path E:/Unity/WordIsland/Assets
GfxDevice: creating device client; threaded=0
Direct3D:
    Version:  Direct3D 11.0 [level 11.0]
    Renderer: NVIDIA GeForce GTX 760 (ID=0x1187)
    Vendor:   
    VRAM:     2007 MB
    Driver:   27.21.14.5671
Initialize mono
Mono path[0] = 'E:/UnityVersions/2020.2.1f1/Editor/Data/Managed'
Mono path[1] = 'E:/UnityVersions/2020.2.1f1/Editor/Data/MonoBleedingEdge/lib/mono/unityjit'
Mono config path = 'E:/UnityVersions/2020.2.1f1/Editor/Data/MonoBleedingEdge/etc'
Using monoOptions --debugger-agent=transport=dt_socket,embedding=1,server=y,suspend=n,address=127.0.0.1:56124
Begin MonoManager ReloadAssembly
Registering precompiled unity dll's ...
Register platform support module: E:/UnityVersions/2020.2.1f1/Editor/Data/PlaybackEngines/WindowsStandaloneSupport/UnityEditor.WindowsStandalone.Extensions.dll
Registered in 0.001483 seconds.
Native extension for WindowsStandalone target not found
Refreshing native plugins compatible for Editor in 68.14 ms, found 0 plugins.
Preloading 0 native plugins for Editor in 0.00 ms.
Invoked RoslynAnalysisRunner static constructor.
RoslynAnalysisRunner will not be running.
RoslynAnalysisRunner has terminated.
Mono: successfully reloaded assembly
- Completed reload, in  4.704 seconds
Platform modules already initialized, skipping
Registering precompiled user dll's ...
Registered in 0.001518 seconds.
Begin MonoManager ReloadAssembly
Native extension for WindowsStandalone target not found
Refreshing native plugins compatible for Editor in 0.56 ms, found 0 plugins.
Preloading 0 native plugins for Editor in 0.00 ms.
Invoked RoslynAnalysisRunner static constructor.
RoslynAnalysisRunner will not be running.
RoslynAnalysisRunner has terminated.
Mono: successfully reloaded assembly
- Completed reload, in  1.420 seconds
Platform modules already initialized, skipping
========================================================================
Worker process is ready to serve import requests
Launched and connected shader compiler UnityShaderCompiler.exe after 0.15 seconds
Refreshing native plugins compatible for Editor in 0.56 ms, found 0 plugins.
Preloading 0 native plugins for Editor in 0.00 ms.
Unloading 1298 Unused Serialized files (Serialized files now loaded: 0)
System memory in use before: 104.4 MB.
System memory in use after: 104.1 MB.

Unloading 11 unused Assets to reduce memory usage. Loaded Objects now: 1781.
Total: 2.781200 ms (FindLiveObjects: 0.369700 ms CreateObjectMapping: 0.105800 ms MarkObjects: 1.931500 ms  DeleteObjects: 0.372300 ms)

========================================================================
Received Import Request.
  path: Assets/Scripts/PlayerWordContainer.cs
  artifactKey: Guid(1aea4fa700a8a234e9c7a30314b7fec8) Importer(815301076,1909f56bfc062723c751e8b465ee728b)
Start importing Assets/Scripts/PlayerWordContainer.cs using Guid(1aea4fa700a8a234e9c7a30314b7fec8) Importer(815301076,1909f56bfc062723c751e8b465ee728b)  -> (artifact id: '1cab2f4a31e35f6f2039c0228225387b') in 0.048386 seconds
  Import took 0.063110 seconds .

========================================================================
Received Import Request.
  Time since last request: 31.123701 seconds.
  path: Assets/Scripts/PlayerWordContainer.cs
  artifactKey: Guid(1aea4fa700a8a234e9c7a30314b7fec8) Importer(815301076,1909f56bfc062723c751e8b465ee728b)
Start importing Assets/Scripts/PlayerWordContainer.cs using Guid(1aea4fa700a8a234e9c7a30314b7fec8) Importer(815301076,1909f56bfc062723c751e8b465ee728b)  -> (artifact id: '05698a85f5a56c6131bae73ab4372455') in 0.009296 seconds
  Import took 0.015362 seconds .

========================================================================
Received Import Request.
  Time since last request: 148.715411 seconds.
  path: Assets/Scripts/PlayerWordContainer.cs
  artifactKey: Guid(1aea4fa700a8a234e9c7a30314b7fec8) Importer(815301076,1909f56bfc062723c751e8b465ee728b)
Start importing Assets/Scripts/PlayerWordContainer.cs using Guid(1aea4fa700a8a234e9c7a30314b7fec8) Importer(815301076,1909f56bfc062723c751e8b465ee728b)  -> (artifact id: 'add57fe86f7dcb680a2f65c884fcb855') in 0.011635 seconds
  Import took 0.026604 seconds .

========================================================================
Received Import Request.
  Time since last request: 3.222881 seconds.
  path: Assets/Scripts/PlayerWordContainer.cs
  artifactKey: Guid(1aea4fa700a8a234e9c7a30314b7fec8) Importer(815301076,1909f56bfc062723c751e8b465ee728b)
Start importing Assets/Scripts/PlayerWordContainer.cs using Guid(1aea4fa700a8a234e9c7a30314b7fec8) Importer(815301076,1909f56bfc062723c751e8b465ee728b)  -> (artifact id: 'db159043f15df003d0323f10c7edea2d') in 0.008829 seconds
  Import took 0.013230 seconds .

========================================================================
Received Import Request.
  Time since last request: 124.291682 seconds.
  path: Assets/Scripts/PlayerWordContainer.cs
  artifactKey: Guid(1aea4fa700a8a234e9c7a30314b7fec8) Importer(815301076,1909f56bfc062723c751e8b465ee728b)
Start importing Assets/Scripts/PlayerWordContainer.cs using Guid(1aea4fa700a8a234e9c7a30314b7fec8) Importer(815301076,1909f56bfc062723c751e8b465ee728b)  -> (artifact id: 'f0ec430d19c4e3f0ed6c000ec163b9b0') in 0.012629 seconds
  Import took 0.020545 seconds .

========================================================================
Received Import Request.
  Time since last request: 27.341486 seconds.
  path: Assets/Scripts/PlayerWordContainer.cs
  artifactKey: Guid(1aea4fa700a8a234e9c7a30314b7fec8) Importer(815301076,1909f56bfc062723c751e8b465ee728b)
Start importing Assets/Scripts/PlayerWordContainer.cs using Guid(1aea4fa700a8a234e9c7a30314b7fec8) Importer(815301076,1909f56bfc062723c751e8b465ee728b)  -> (artifact id: 'c51eff3507296722db36edc710ca4f8e') in 0.008352 seconds
  Import took 0.012615 seconds .

========================================================================
Received Import Request.
  Time since last request: 18.052521 seconds.
  path: Assets/Scripts/PlayerWordContainer.cs
  artifactKey: Guid(1aea4fa700a8a234e9c7a30314b7fec8) Importer(815301076,1909f56bfc062723c751e8b465ee728b)
Start importing Assets/Scripts/PlayerWordContainer.cs using Guid(1aea4fa700a8a234e9c7a30314b7fec8) Importer(815301076,1909f56bfc062723c751e8b465ee728b)  -> (artifact id: '3caeb3e3ab51206a9f6ac2668236b2e0') in 0.012131 seconds
  Import took 0.017653 seconds .

========================================================================
Received Import Request.
  Time since last request: 12.434678 seconds.
  path: Assets/Scripts/PlayerWordContainer.cs
  artifactKey: Guid(1aea4fa700a8a234e9c7a30314b7fec8) Importer(815301076,1909f56bfc062723c751e8b465ee728b)
Start importing Assets/Scripts/PlayerWordContainer.cs using Guid(1aea4fa700a8a234e9c7a30314b7fec8) Importer(815301076,1909f56bfc062723c751e8b465ee728b)  -> (artifact id: 'ecfe2a665cc3d3f2316d72085c5e08ab') in 0.010421 seconds
  Import took 0.014346 seconds .

========================================================================
Received Import Request.
  Time since last request: 8.064961 seconds.
  path: Assets/Scripts/PlayerWordContainer.cs
  artifactKey: Guid(1aea4fa700a8a234e9c7a30314b7fec8) Importer(815301076,1909f56bfc062723c751e8b465ee728b)
Start importing Assets/Scripts/PlayerWordContainer.cs using Guid(1aea4fa700a8a234e9c7a30314b7fec8) Importer(815301076,1909f56bfc062723c751e8b465ee728b)  -> (artifact id: '538caa87243176df8dd871d84850b951') in 0.015769 seconds
  Import took 0.024819 seconds .

========================================================================
Received Import Request.
  Time since last request: 20.361067 seconds.
  path: Assets/Scripts/PlayerWordContainer.cs
  artifactKey: Guid(1aea4fa700a8a234e9c7a30314b7fec8) Importer(815301076,1909f56bfc062723c751e8b465ee728b)
Start importing Assets/Scripts/PlayerWordContainer.cs using Guid(1aea4fa700a8a234e9c7a30314b7fec8) Importer(815301076,1909f56bfc062723c751e8b465ee728b)  -> (artifact id: '7a5ee47cf77e3dd22912b81a443bdc7e') in 0.012017 seconds
  Import took 0.017296 seconds .

========================================================================
Received Prepare
Registering precompiled user dll's ...
Registered in 0.001381 seconds.
Begin MonoManager ReloadAssembly
Native extension for WindowsStandalone target not found
Refreshing native plugins compatible for Editor in 0.69 ms, found 0 plugins.
Preloading 0 native plugins for Editor in 0.00 ms.
Invoked RoslynAnalysisRunner static constructor.
RoslynAnalysisRunner will not be running.
RoslynAnalysisRunner has terminated.
Mono: successfully reloaded assembly
- Completed reload, in  1.220 seconds
Platform modules already initialized, skipping
Refreshing native plugins compatible for Editor in 0.60 ms, found 0 plugins.
Preloading 0 native plugins for Editor in 0.00 ms.
Unloading 1226 Unused Serialized files (Serialized files now loaded: 0)
System memory in use before: 99.9 MB.
System memory in use after: 99.7 MB.

Unloading 6 unused Assets to reduce memory usage. Loaded Objects now: 1783.
Total: 2.774000 ms (FindLiveObjects: 0.211400 ms CreateObjectMapping: 0.070000 ms MarkObjects: 2.114000 ms  DeleteObjects: 0.376300 ms)

========================================================================
Received Prepare
Registering precompiled user dll's ...
Registered in 0.001442 seconds.
Begin MonoManager ReloadAssembly
Native extension for WindowsStandalone target not found
Refreshing native plugins compatible for Editor in 0.70 ms, found 0 plugins.
Preloading 0 native plugins for Editor in 0.00 ms.
Invoked RoslynAnalysisRunner static constructor.
RoslynAnalysisRunner will not be running.
RoslynAnalysisRunner has terminated.
Mono: successfully reloaded assembly
- Completed reload, in  1.034 seconds
Platform modules already initialized, skipping
Refreshing native plugins compatible for Editor in 0.63 ms, found 0 plugins.
Preloading 0 native plugins for Editor in 0.00 ms.
Unloading 1226 Unused Serialized files (Serialized files now loaded: 0)
System memory in use before: 99.9 MB.
System memory in use after: 99.7 MB.

Unloading 6 unused Assets to reduce memory usage. Loaded Objects now: 1785.
Total: 2.325200 ms (FindLiveObjects: 0.180800 ms CreateObjectMapping: 0.056300 ms MarkObjects: 1.702600 ms  DeleteObjects: 0.383900 ms)

