Using pre-set license
Built from '2020.2/release' branch; Version is '2020.2.1f1 (270dd8c3da1c) revision 2559448'; Using compiler version '192528614'; Build Type 'Release'
OS: 'Windows 10  (10.0.0) 64bit' Language: 'ru' Physical Memory: 8073 MB
BatchMode: 1, IsHumanControllingUs: 0, StartBugReporterOnCrash: 0, Is64bit: 1, IsPro: 0

 COMMAND LINE ARGUMENTS:
D:\Program Files\Unity\Editor\Unity.exe
-adb2
-batchMode
-noUpm
-name
AssetImportWorker0
-projectPath
D:/Unity_Old_Projects/WordIsland
-logFile
Logs/AssetImportWorker0.log
-srvPort
54429
Successfully changed project path to: D:/Unity_Old_Projects/WordIsland
D:/Unity_Old_Projects/WordIsland
Using Asset Import Pipeline V2.
Refreshing native plugins compatible for Editor in 33.73 ms, found 0 plugins.
Preloading 0 native plugins for Editor in 0.00 ms.
Initialize engine version: 2020.2.1f1 (270dd8c3da1c)
[Subsystems] Discovering subsystems at path D:/Program Files/Unity/Editor/Data/Resources/UnitySubsystems
[Subsystems] Discovering subsystems at path D:/Unity_Old_Projects/WordIsland/Assets
GfxDevice: creating device client; threaded=0
Direct3D:
    Version:  Direct3D 11.0 [level 11.1]
    Renderer: NVIDIA GeForce GTX 1060 with Max-Q Design (ID=0x1c20)
    Vendor:   
    VRAM:     6055 MB
    Driver:   27.21.14.6140
Initialize mono
Mono path[0] = 'D:/Program Files/Unity/Editor/Data/Managed'
Mono path[1] = 'D:/Program Files/Unity/Editor/Data/MonoBleedingEdge/lib/mono/unityjit'
Mono config path = 'D:/Program Files/Unity/Editor/Data/MonoBleedingEdge/etc'
Using monoOptions --debugger-agent=transport=dt_socket,embedding=1,server=y,suspend=n,address=127.0.0.1:56176
Begin MonoManager ReloadAssembly
Registering precompiled unity dll's ...
Register platform support module: D:/Program Files/Unity/Editor/Data/PlaybackEngines/WindowsStandaloneSupport/UnityEditor.WindowsStandalone.Extensions.dll
Registered in 0.000746 seconds.
Native extension for WindowsStandalone target not found
Refreshing native plugins compatible for Editor in 37.04 ms, found 0 plugins.
Preloading 0 native plugins for Editor in 0.00 ms.
Unable to find bridge dll in registry for Microsoft Visual Studio Tools for Unity for D:/Program Files (x86)/Microsoft Visual Studio/2019/Community/Common7/IDE/devenv.exe
Invoked RoslynAnalysisRunner static constructor.
RoslynAnalysisRunner will not be running.
RoslynAnalysisRunner has terminated.
Mono: successfully reloaded assembly
- Completed reload, in  0.895 seconds
Platform modules already initialized, skipping
Registering precompiled user dll's ...
Registered in 0.000605 seconds.
Begin MonoManager ReloadAssembly
Native extension for WindowsStandalone target not found
Refreshing native plugins compatible for Editor in 0.36 ms, found 0 plugins.
Preloading 0 native plugins for Editor in 0.00 ms.
Invoked RoslynAnalysisRunner static constructor.
RoslynAnalysisRunner will not be running.
RoslynAnalysisRunner has terminated.
Mono: successfully reloaded assembly
- Completed reload, in  0.684 seconds
Platform modules already initialized, skipping
========================================================================
Worker process is ready to serve import requests
Launched and connected shader compiler UnityShaderCompiler.exe after 0.02 seconds
Refreshing native plugins compatible for Editor in 0.39 ms, found 0 plugins.
Preloading 0 native plugins for Editor in 0.00 ms.
Unloading 1253 Unused Serialized files (Serialized files now loaded: 0)
System memory in use before: 90.5 MB.
System memory in use after: 85.6 MB.

Unloading 41 unused Assets to reduce memory usage. Loaded Objects now: 1708.
Total: 4.487554 ms (FindLiveObjects: 0.178222 ms CreateObjectMapping: 0.050222 ms MarkObjects: 1.454222 ms  DeleteObjects: 2.803554 ms)

========================================================================
Received Import Request.
  path: Assets/Island/Scenes/Demo.unity
  artifactKey: Guid(287e1befdc038254ea86dbc850eb2ab2) Importer(815301076,1909f56bfc062723c751e8b465ee728b)
Start importing Assets/Island/Scenes/Demo.unity using Guid(287e1befdc038254ea86dbc850eb2ab2) Importer(815301076,1909f56bfc062723c751e8b465ee728b)  -> (artifact id: 'd77ec47a3c9fd81d044355690685d18d') in 0.009398 seconds
  Import took 0.011508 seconds .

========================================================================
Received Import Request.
  Time since last request: 58.660633 seconds.
  path: Assets/Prefabs/Island.prefab
  artifactKey: Guid(cbd03bad69495e245998b26d401f8628) Importer(815301076,1909f56bfc062723c751e8b465ee728b)
Start importing Assets/Prefabs/Island.prefab using Guid(cbd03bad69495e245998b26d401f8628) Importer(815301076,1909f56bfc062723c751e8b465ee728b)  -> (artifact id: 'dffb69a45c336becb3f036101fab4e48') in 0.080160 seconds
  Import took 0.083224 seconds .

========================================================================
Received Import Request.
  Time since last request: 8.699464 seconds.
  path: Assets/Scenes/SampleScene.unity
  artifactKey: Guid(9fc0d4010bbf28b4594072e72b8655ab) Importer(815301076,1909f56bfc062723c751e8b465ee728b)
Start importing Assets/Scenes/SampleScene.unity using Guid(9fc0d4010bbf28b4594072e72b8655ab) Importer(815301076,1909f56bfc062723c751e8b465ee728b)  -> (artifact id: 'b7c14f37d1a4f24fa0095e700a60cff6') in 0.001956 seconds
  Import took 0.004100 seconds .

========================================================================
Received Import Request.
  Time since last request: 83.092709 seconds.
  path: Assets/Island/Textures/Sand2.tga
  artifactKey: Guid(5cb60d1bc812eeb459d8394c99389b20) Importer(815301076,1909f56bfc062723c751e8b465ee728b)
Start importing Assets/Island/Textures/Sand2.tga using Guid(5cb60d1bc812eeb459d8394c99389b20) Importer(815301076,1909f56bfc062723c751e8b465ee728b)  -> (artifact id: '0df351be76b5958852cadd36187b8a2c') in 0.010663 seconds
  Import took 0.012964 seconds .

========================================================================
Received Import Request.
  Time since last request: 0.000235 seconds.
  path: Assets/Island/Textures/Sand.tga
  artifactKey: Guid(6ac95165231738c4d9371d2023f6f6d0) Importer(815301076,1909f56bfc062723c751e8b465ee728b)
Start importing Assets/Island/Textures/Sand.tga using Guid(6ac95165231738c4d9371d2023f6f6d0) Importer(815301076,1909f56bfc062723c751e8b465ee728b)  -> (artifact id: 'dbffbbd945dc6f3d7c1cc3299dee2cbf') in 0.006180 seconds
  Import took 0.008423 seconds .

========================================================================
Received Import Request.
  Time since last request: 0.000220 seconds.
  path: Assets/Island/Textures/Grass.tga
  artifactKey: Guid(8ebd48ce95df44749a0e9cf70f608a56) Importer(815301076,1909f56bfc062723c751e8b465ee728b)
Start importing Assets/Island/Textures/Grass.tga using Guid(8ebd48ce95df44749a0e9cf70f608a56) Importer(815301076,1909f56bfc062723c751e8b465ee728b)  -> (artifact id: '3a4148b4b019c9d482a03b87601589fd') in 0.005549 seconds
  Import took 0.023197 seconds .

========================================================================
Received Import Request.
  Time since last request: 0.000158 seconds.
  path: Assets/Island/Textures/Sand2.tga
  artifactKey: Guid(5cb60d1bc812eeb459d8394c99389b20) Importer(815301076,1909f56bfc062723c751e8b465ee728b)
Start importing Assets/Island/Textures/Sand2.tga using Guid(5cb60d1bc812eeb459d8394c99389b20) Importer(815301076,1909f56bfc062723c751e8b465ee728b)  -> (artifact id: '0df351be76b5958852cadd36187b8a2c') in 0.004380 seconds
  Import took 0.006448 seconds .

========================================================================
Received Import Request.
  Time since last request: 0.000599 seconds.
  path: Assets/Island/Textures/Grass.tga
  artifactKey: Guid(8ebd48ce95df44749a0e9cf70f608a56) Importer(815301076,1909f56bfc062723c751e8b465ee728b)
Start importing Assets/Island/Textures/Grass.tga using Guid(8ebd48ce95df44749a0e9cf70f608a56) Importer(815301076,1909f56bfc062723c751e8b465ee728b)  -> (artifact id: '3a4148b4b019c9d482a03b87601589fd') in 0.005039 seconds
  Import took 0.007592 seconds .

========================================================================
Received Import Request.
  Time since last request: 314.710265 seconds.
  path: Assets/Island/Textures/_TerrainAutoUpgrade/layer_Grass2023054508611406.terrainlayer
  artifactKey: Guid(2ca2dd9fc68c0e845b878b4f691a3e24) Importer(815301076,1909f56bfc062723c751e8b465ee728b)
Start importing Assets/Island/Textures/_TerrainAutoUpgrade/layer_Grass2023054508611406.terrainlayer using Guid(2ca2dd9fc68c0e845b878b4f691a3e24) Importer(815301076,1909f56bfc062723c751e8b465ee728b)  -> (artifact id: '2c32241539c22f7728c011e8cdb678d6') in 0.109966 seconds
  Import took 0.112733 seconds .

========================================================================
Received Import Request.
  Time since last request: 10.494377 seconds.
  path: Assets/Island/Prefabs/Tree_a.prefab
  artifactKey: Guid(a0a511126f5f6f4449ec80434dc3dfe8) Importer(815301076,1909f56bfc062723c751e8b465ee728b)
Start importing Assets/Island/Prefabs/Tree_a.prefab using Guid(a0a511126f5f6f4449ec80434dc3dfe8) Importer(815301076,1909f56bfc062723c751e8b465ee728b)  -> (artifact id: '28cf4edd5e6fdf6bedf16f8fed09e00a') in 0.065259 seconds
  Import took 0.067604 seconds .

========================================================================
Received Import Request.
  Time since last request: 0.000223 seconds.
  path: Assets/Island/Prefabs/Tree_b.prefab
  artifactKey: Guid(dcdd4333ca90c224794c8a71ea3723ed) Importer(815301076,1909f56bfc062723c751e8b465ee728b)
Start importing Assets/Island/Prefabs/Tree_b.prefab using Guid(dcdd4333ca90c224794c8a71ea3723ed) Importer(815301076,1909f56bfc062723c751e8b465ee728b)  -> (artifact id: '393a6cfa2fcd179be85ddd4d9a633b2e') in 0.021912 seconds
  Import took 0.024105 seconds .

========================================================================
Received Prepare
Registering precompiled user dll's ...
Registered in 0.000620 seconds.
Begin MonoManager ReloadAssembly
Native extension for WindowsStandalone target not found
Refreshing native plugins compatible for Editor in 0.39 ms, found 0 plugins.
Preloading 0 native plugins for Editor in 0.00 ms.
Invoked RoslynAnalysisRunner static constructor.
RoslynAnalysisRunner will not be running.
RoslynAnalysisRunner has terminated.
Mono: successfully reloaded assembly
- Completed reload, in  0.691 seconds
Platform modules already initialized, skipping
Refreshing native plugins compatible for Editor in 0.39 ms, found 0 plugins.
Preloading 0 native plugins for Editor in 0.00 ms.
Unloading 1241 Unused Serialized files (Serialized files now loaded: 0)
System memory in use before: 94.2 MB.
System memory in use after: 89.3 MB.

Unloading 36 unused Assets to reduce memory usage. Loaded Objects now: 1758.
Total: 4.133331 ms (FindLiveObjects: 0.139111 ms CreateObjectMapping: 0.036889 ms MarkObjects: 1.225333 ms  DeleteObjects: 2.731110 ms)

========================================================================
Received Import Request.
  Time since last request: 711.089688 seconds.
  path: Assets/Island/Textures/Bark.tga
  artifactKey: Guid(9db6b06ea6927364e9d7a412560b56e4) Importer(815301076,1909f56bfc062723c751e8b465ee728b)
Start importing Assets/Island/Textures/Bark.tga using Guid(9db6b06ea6927364e9d7a412560b56e4) Importer(815301076,1909f56bfc062723c751e8b465ee728b)  -> (artifact id: '5f5a49b1e0c597fe0f5b77ea5caca1bb') in 0.037614 seconds
  Import took 0.040568 seconds .

========================================================================
Received Import Request.
  Time since last request: 1.857401 seconds.
  path: Assets/Standard Assets/Effects/TessellationShaders/Textures/CliffHeight.png
  artifactKey: Guid(17da6d53ec93a0444bd0f751b1d02477) Importer(815301076,1909f56bfc062723c751e8b465ee728b)
Start importing Assets/Standard Assets/Effects/TessellationShaders/Textures/CliffHeight.png using Guid(17da6d53ec93a0444bd0f751b1d02477) Importer(815301076,1909f56bfc062723c751e8b465ee728b)  -> (artifact id: '3ca6c3aed9b21dd181efeaa4f77580c8') in 0.080142 seconds
  Import took 0.082525 seconds .

========================================================================
Received Import Request.
  Time since last request: 0.000283 seconds.
  path: Assets/Island/Textures/Grass_detail.png
  artifactKey: Guid(568733fdfc6f0124c8278f2df249eef1) Importer(815301076,1909f56bfc062723c751e8b465ee728b)
Start importing Assets/Island/Textures/Grass_detail.png using Guid(568733fdfc6f0124c8278f2df249eef1) Importer(815301076,1909f56bfc062723c751e8b465ee728b)  -> (artifact id: '8d683939752242015692090c3bf72564') in 0.005578 seconds
  Import took 0.007660 seconds .

========================================================================
Received Import Request.
  Time since last request: 0.000247 seconds.
  path: Assets/Standard Assets/Effects/LightCookies/Textures/FlashlightCookie.tif
  artifactKey: Guid(2c29c08dd1c0b6749b7cd0fcff7a29fd) Importer(815301076,1909f56bfc062723c751e8b465ee728b)
Start importing Assets/Standard Assets/Effects/LightCookies/Textures/FlashlightCookie.tif using Guid(2c29c08dd1c0b6749b7cd0fcff7a29fd) Importer(815301076,1909f56bfc062723c751e8b465ee728b)  -> (artifact id: '00e65afbcea19674db789d73b99470a3') in 0.035509 seconds
  Import took 0.037888 seconds .

========================================================================
Received Import Request.
  Time since last request: 0.000251 seconds.
  path: Assets/Standard Assets/2D/Sprites/CratePinkGridSprite.png
  artifactKey: Guid(12ef7cbdfe0e143fa858a324456c8979) Importer(815301076,1909f56bfc062723c751e8b465ee728b)
Start importing Assets/Standard Assets/2D/Sprites/CratePinkGridSprite.png using Guid(12ef7cbdfe0e143fa858a324456c8979) Importer(815301076,1909f56bfc062723c751e8b465ee728b)  -> (artifact id: 'd8e00d2f339812f22dca9508c43b8bab') in 0.094723 seconds
  Import took 0.096793 seconds .

========================================================================
Received Import Request.
  Time since last request: 0.000216 seconds.
  path: Assets/Standard Assets/Effects/LightCookies/Textures/FlashlightIrregularCookie.tif
  artifactKey: Guid(641bb2dce818a8a499b537a1963889ac) Importer(815301076,1909f56bfc062723c751e8b465ee728b)
Start importing Assets/Standard Assets/Effects/LightCookies/Textures/FlashlightIrregularCookie.tif using Guid(641bb2dce818a8a499b537a1963889ac) Importer(815301076,1909f56bfc062723c751e8b465ee728b)  -> (artifact id: 'ef400f9da9e8a898f8ddc9ab0ca36a98') in 0.048156 seconds
  Import took 0.050139 seconds .

========================================================================
Received Prepare
Registering precompiled user dll's ...
Registered in 0.000615 seconds.
Begin MonoManager ReloadAssembly
Native extension for WindowsStandalone target not found
Refreshing native plugins compatible for Editor in 0.42 ms, found 0 plugins.
Preloading 0 native plugins for Editor in 0.00 ms.
Invoked RoslynAnalysisRunner static constructor.
RoslynAnalysisRunner will not be running.
RoslynAnalysisRunner has terminated.
Mono: successfully reloaded assembly
- Completed reload, in  0.674 seconds
Platform modules already initialized, skipping
Refreshing native plugins compatible for Editor in 0.36 ms, found 0 plugins.
Preloading 0 native plugins for Editor in 0.00 ms.
Unloading 1241 Unused Serialized files (Serialized files now loaded: 0)
System memory in use before: 95.3 MB.
System memory in use after: 90.4 MB.

Unloading 36 unused Assets to reduce memory usage. Loaded Objects now: 1764.
Total: 4.269331 ms (FindLiveObjects: 0.140444 ms CreateObjectMapping: 0.037778 ms MarkObjects: 1.258666 ms  DeleteObjects: 2.831999 ms)

========================================================================
Received Prepare
Registering precompiled user dll's ...
Registered in 0.000594 seconds.
Begin MonoManager ReloadAssembly
Native extension for WindowsStandalone target not found
Refreshing native plugins compatible for Editor in 0.38 ms, found 0 plugins.
Preloading 0 native plugins for Editor in 0.00 ms.
Invoked RoslynAnalysisRunner static constructor.
RoslynAnalysisRunner will not be running.
RoslynAnalysisRunner has terminated.
Mono: successfully reloaded assembly
- Completed reload, in  0.641 seconds
Platform modules already initialized, skipping
Refreshing native plugins compatible for Editor in 0.40 ms, found 0 plugins.
Preloading 0 native plugins for Editor in 0.00 ms.
Unloading 1264 Unused Serialized files (Serialized files now loaded: 0)
System memory in use before: 104.8 MB.
System memory in use after: 92.4 MB.

Unloading 59 unused Assets to reduce memory usage. Loaded Objects now: 1766.
Total: 9.747996 ms (FindLiveObjects: 0.227555 ms CreateObjectMapping: 0.043111 ms MarkObjects: 1.383555 ms  DeleteObjects: 8.092441 ms)

========================================================================
Received Prepare
Registering precompiled user dll's ...
Registered in 0.000654 seconds.
Begin MonoManager ReloadAssembly
Native extension for WindowsStandalone target not found
Refreshing native plugins compatible for Editor in 0.39 ms, found 0 plugins.
Preloading 0 native plugins for Editor in 0.00 ms.
Invoked RoslynAnalysisRunner static constructor.
RoslynAnalysisRunner will not be running.
RoslynAnalysisRunner has terminated.
Mono: successfully reloaded assembly
- Completed reload, in  0.659 seconds
Platform modules already initialized, skipping
Refreshing native plugins compatible for Editor in 0.37 ms, found 0 plugins.
Preloading 0 native plugins for Editor in 0.00 ms.
Unloading 1264 Unused Serialized files (Serialized files now loaded: 0)
System memory in use before: 104.9 MB.
System memory in use after: 92.5 MB.

Unloading 59 unused Assets to reduce memory usage. Loaded Objects now: 1768.
Total: 9.065774 ms (FindLiveObjects: 0.155111 ms CreateObjectMapping: 0.036444 ms MarkObjects: 1.339999 ms  DeleteObjects: 7.530219 ms)

